# JRE version: OpenJDK Runtime Environment Temurin-21.0.11+10 (21.0.11+10) (build 21.0.11+10-LTS)
# Java VM: OpenJDK 64-Bit Server VM Temurin-21.0.11+10 (21.0.11+10-LTS, mixed mode, sharing, tiered, compressed oops, compressed class ptrs, parallel gc, windows-amd64)
GC Precious Log:
 CardTable entry size: 512
 CPUs: 16 total, 16 available
 Memory: 16068M
 Large Page Support: Disabled
 NUMA Support: Disabled
 Compressed Oops: Enabled (32-bit)
 Alignments: Space 512K, Generation 512K, Heap 2M
 Heap Min Capacity: 100M
 Heap Initial Capacity: 100M
 Heap Max Capacity: 2G
 Pre-touch: Disabled
 Parallel Workers: 13
Heap:
 PSYoungGen      total 17920K, used 4563K [0x00000000d5580000, 0x00000000d7600000, 0x0000000100000000)
  eden space 15872K, 15% used [0x00000000d5580000,0x00000000d57f52d0,0x00000000d6500000)
  from space 2048K, 99% used [0x00000000d6680000,0x00000000d687fa90,0x00000000d6880000)
  to   space 8704K, 0% used [0x00000000d6d80000,0x00000000d6d80000,0x00000000d7600000)
 ParOldGen       total 105984K, used 105750K [0x0000000080000000, 0x0000000086780000, 0x00000000d5580000)
  object space 105984K, 99% used [0x0000000080000000,0x0000000086745920,0x0000000086780000)
 Metaspace       used 76021K, committed 77632K, reserved 1179648K
  class space    used 8222K, committed 8896K, reserved 1048576K
GC Heap History (20 events):
Event: 25.482 GC heap before
{Heap before GC invocations=115 (full 3):
 PSYoungGen      total 18432K, used 18177K [0x00000000d5580000, 0x00000000d6880000, 0x0000000100000000)
  eden space 17408K, 100% used [0x00000000d5580000,0x00000000d6680000,0x00000000d6680000)
  from space 1024K, 75% used [0x00000000d6680000,0x00000000d67404b8,0x00000000d6780000)
  to   space 1024K, 0% used [0x00000000d6780000,0x00000000d6780000,0x00000000d6880000)
 ParOldGen       total 92160K, used 91738K [0x0000000080000000, 0x0000000085a00000, 0x00000000d5580000)
  object space 92160K, 99% used [0x0000000080000000,0x0000000085996bf8,0x0000000085a00000)
 Metaspace       used 69169K, committed 70720K, reserved 1114112K
  class space    used 7445K, committed 8064K, reserved 1048576K
}
Event: 25.485 GC heap after
{Heap after GC invocations=115 (full 3):
 PSYoungGen      total 16896K, used 1020K [0x00000000d5580000, 0x00000000d6b80000, 0x0000000100000000)
  eden space 15872K, 0% used [0x00000000d5580000,0x00000000d5580000,0x00000000d6500000)
  from space 1024K, 99% used [0x00000000d6780000,0x00000000d687f250,0x00000000d6880000)
  to   space 2560K, 0% used [0x00000000d6500000,0x00000000d6500000,0x00000000d6780000)
 ParOldGen       total 92672K, used 92603K [0x0000000080000000, 0x0000000085a80000, 0x00000000d5580000)
  object space 92672K, 99% used [0x0000000080000000,0x0000000085a6ec18,0x0000000085a80000)
 Metaspace       used 69169K, committed 70720K, reserved 1114112K
  class space    used 7445K, committed 8064K, reserved 1048576K
}
Event: 25.535 GC heap before
{Heap before GC invocations=116 (full 3):
 PSYoungGen      total 16896K, used 16892K [0x00000000d5580000, 0x00000000d6b80000, 0x0000000100000000)
  eden space 15872K, 100% used [0x00000000d5580000,0x00000000d6500000,0x00000000d6500000)
  from space 1024K, 99% used [0x00000000d6780000,0x00000000d687f250,0x00000000d6880000)
  to   space 2560K, 0% used [0x00000000d6500000,0x00000000d6500000,0x00000000d6780000)
 ParOldGen       total 92672K, used 92605K [0x0000000080000000, 0x0000000085a80000, 0x00000000d5580000)
  object space 92672K, 99% used [0x0000000080000000,0x0000000085a6f668,0x0000000085a80000)
 Metaspace       used 69223K, committed 70784K, reserved 1114112K
  class space    used 7447K, committed 8064K, reserved 1048576K
}
Event: 25.537 GC heap after
{Heap after GC invocations=116 (full 3):
 PSYoungGen      total 18432K, used 2408K [0x00000000d5580000, 0x00000000d6a00000, 0x0000000100000000)
  eden space 15872K, 0% used [0x00000000d5580000,0x00000000d5580000,0x00000000d6500000)
  from space 2560K, 94% used [0x00000000d6500000,0x00000000d675a258,0x00000000d6780000)
  to   space 2560K, 0% used [0x00000000d6780000,0x00000000d6780000,0x00000000d6a00000)
 ParOldGen       total 93696K, used 93385K [0x0000000080000000, 0x0000000085b80000, 0x00000000d5580000)
  object space 93696K, 99% used [0x0000000080000000,0x0000000085b327a0,0x0000000085b80000)
 Metaspace       used 69223K, committed 70784K, reserved 1114112K
  class space    used 7447K, committed 8064K, reserved 1048576K
}
Event: 25.593 GC heap before
{Heap before GC invocations=117 (full 3):
 PSYoungGen      total 18432K, used 18280K [0x00000000d5580000, 0x00000000d6a00000, 0x0000000100000000)
  eden space 15872K, 100% used [0x00000000d5580000,0x00000000d6500000,0x00000000d6500000)
  from space 2560K, 94% used [0x00000000d6500000,0x00000000d675a258,0x00000000d6780000)
  to   space 2560K, 0% used [0x00000000d6780000,0x00000000d6780000,0x00000000d6a00000)
 ParOldGen       total 93696K, used 93385K [0x0000000080000000, 0x0000000085b80000, 0x00000000d5580000)
  object space 93696K, 99% used [0x0000000080000000,0x0000000085b327a0,0x0000000085b80000)
 Metaspace       used 69255K, committed 70848K, reserved 1114112K
  class space    used 7447K, committed 8064K, reserved 1048576K
}
Event: 25.595 GC heap after
{Heap after GC invocations=117 (full 3):
 PSYoungGen      total 17408K, used 1110K [0x00000000d5580000, 0x00000000d6900000, 0x0000000100000000)
  eden space 15872K, 0% used [0x00000000d5580000,0x00000000d5580000,0x00000000d6500000)
  from space 1536K, 72% used [0x00000000d6780000,0x00000000d68959f8,0x00000000d6900000)
  to   space 2048K, 0% used [0x00000000d6500000,0x00000000d6500000,0x00000000d6700000)
 ParOldGen       total 95232K, used 94908K [0x0000000080000000, 0x0000000085d00000, 0x00000000d5580000)
  object space 95232K, 99% used [0x0000000080000000,0x0000000085caf210,0x0000000085d00000)
 Metaspace       used 69255K, committed 70848K, reserved 1114112K
  class space    used 7447K, committed 8064K, reserved 1048576K
}
Event: 25.794 GC heap before
{Heap before GC invocations=118 (full 3):
 PSYoungGen      total 17408K, used 16969K [0x00000000d5580000, 0x00000000d6900000, 0x0000000100000000)
  eden space 15872K, 99% used [0x00000000d5580000,0x00000000d64fccc0,0x00000000d6500000)
  from space 1536K, 72% used [0x00000000d6780000,0x00000000d68959f8,0x00000000d6900000)
  to   space 2048K, 0% used [0x00000000d6500000,0x00000000d6500000,0x00000000d6700000)
 ParOldGen       total 95232K, used 94908K [0x0000000080000000, 0x0000000085d00000, 0x00000000d5580000)
  object space 95232K, 99% used [0x0000000080000000,0x0000000085caf210,0x0000000085d00000)
 Metaspace       used 70515K, committed 72000K, reserved 1179648K
  class space    used 7560K, committed 8128K, reserved 1048576K
}
Event: 25.795 GC heap after
{Heap after GC invocations=118 (full 3):
 PSYoungGen      total 17920K, used 416K [0x00000000d5580000, 0x00000000d6800000, 0x0000000100000000)
  eden space 15872K, 0% used [0x00000000d5580000,0x00000000d5580000,0x00000000d6500000)
  from space 2048K, 20% used [0x00000000d6500000,0x00000000d6568000,0x00000000d6700000)
  to   space 1024K, 0% used [0x00000000d6700000,0x00000000d6700000,0x00000000d6800000)
 ParOldGen       total 95232K, used 95076K [0x0000000080000000, 0x0000000085d00000, 0x00000000d5580000)
  object space 95232K, 99% used [0x0000000080000000,0x0000000085cd9210,0x0000000085d00000)
 Metaspace       used 70515K, committed 72000K, reserved 1179648K
  class space    used 7560K, committed 8128K, reserved 1048576K
}
Event: 26.110 GC heap before
{Heap before GC invocations=119 (full 3):
 PSYoungGen      total 17920K, used 16287K [0x00000000d5580000, 0x00000000d6800000, 0x0000000100000000)
  eden space 15872K, 99% used [0x00000000d5580000,0x00000000d64ffe98,0x00000000d6500000)
  from space 2048K, 20% used [0x00000000d6500000,0x00000000d6568000,0x00000000d6700000)
  to   space 1024K, 0% used [0x00000000d6700000,0x00000000d6700000,0x00000000d6800000)
 ParOldGen       total 95232K, used 95076K [0x0000000080000000, 0x0000000085d00000, 0x00000000d5580000)
  object space 95232K, 99% used [0x0000000080000000,0x0000000085cd9210,0x0000000085d00000)
 Metaspace       used 71960K, committed 73472K, reserved 1179648K
  class space    used 7679K, committed 8256K, reserved 1048576K
}
Event: 26.112 GC heap after
{Heap after GC invocations=119 (full 3):
 PSYoungGen      total 16896K, used 1024K [0x00000000d5580000, 0x00000000d6900000, 0x0000000100000000)
  eden space 15872K, 0% used [0x00000000d5580000,0x00000000d5580000,0x00000000d6500000)
  from space 1024K, 100% used [0x00000000d6700000,0x00000000d6800000,0x00000000d6800000)
  to   space 2048K, 0% used [0x00000000d6500000,0x00000000d6500000,0x00000000d6700000)
 ParOldGen       total 95744K, used 95468K [0x0000000080000000, 0x0000000085d80000, 0x00000000d5580000)
  object space 95744K, 99% used [0x0000000080000000,0x0000000085d3b210,0x0000000085d80000)
 Metaspace       used 71960K, committed 73472K, reserved 1179648K
  class space    used 7679K, committed 8256K, reserved 1048576K
}
Event: 33.107 GC heap before
{Heap before GC invocations=120 (full 3):
 PSYoungGen      total 16896K, used 16896K [0x00000000d5580000, 0x00000000d6900000, 0x0000000100000000)
  eden space 15872K, 100% used [0x00000000d5580000,0x00000000d6500000,0x00000000d6500000)
  from space 1024K, 100% used [0x00000000d6700000,0x00000000d6800000,0x00000000d6800000)
  to   space 2048K, 0% used [0x00000000d6500000,0x00000000d6500000,0x00000000d6700000)
 ParOldGen       total 95744K, used 95468K [0x0000000080000000, 0x0000000085d80000, 0x00000000d5580000)
  object space 95744K, 99% used [0x0000000080000000,0x0000000085d3b210,0x0000000085d80000)
 Metaspace       used 72931K, committed 74432K, reserved 1179648K
  class space    used 7784K, committed 8384K, reserved 1048576K
}
Event: 33.109 GC heap after
{Heap after GC invocations=120 (full 3):
 PSYoungGen      total 16896K, used 849K [0x00000000d5580000, 0x00000000d6800000, 0x0000000100000000)
  eden space 15872K, 0% used [0x00000000d5580000,0x00000000d5580000,0x00000000d6500000)
  from space 1024K, 82% used [0x00000000d6500000,0x00000000d65d45c8,0x00000000d6600000)
  to   space 1536K, 0% used [0x00000000d6680000,0x00000000d6680000,0x00000000d6800000)
 ParOldGen       total 96768K, used 96481K [0x0000000080000000, 0x0000000085e80000, 0x00000000d5580000)
  object space 96768K, 99% used [0x0000000080000000,0x0000000085e384a8,0x0000000085e80000)
 Metaspace       used 72931K, committed 74432K, reserved 1179648K
  class space    used 7784K, committed 8384K, reserved 1048576K
}
Event: 33.302 GC heap before
{Heap before GC invocations=121 (full 3):
 PSYoungGen      total 16896K, used 16720K [0x00000000d5580000, 0x00000000d6800000, 0x0000000100000000)
  eden space 15872K, 99% used [0x00000000d5580000,0x00000000d64ffda0,0x00000000d6500000)
  from space 1024K, 82% used [0x00000000d6500000,0x00000000d65d45c8,0x00000000d6600000)
  to   space 1536K, 0% used [0x00000000d6680000,0x00000000d6680000,0x00000000d6800000)
 ParOldGen       total 96768K, used 96481K [0x0000000080000000, 0x0000000085e80000, 0x00000000d5580000)
  object space 96768K, 99% used [0x0000000080000000,0x0000000085e384a8,0x0000000085e80000)
 Metaspace       used 74694K, committed 76160K, reserved 1179648K
  class space    used 8045K, committed 8640K, reserved 1048576K
}
Event: 33.304 GC heap after
{Heap after GC invocations=121 (full 3):
 PSYoungGen      total 16896K, used 624K [0x00000000d5580000, 0x00000000d6780000, 0x0000000100000000)
  eden space 15872K, 0% used [0x00000000d5580000,0x00000000d5580000,0x00000000d6500000)
  from space 1024K, 60% used [0x00000000d6680000,0x00000000d671c030,0x00000000d6780000)
  to   space 1024K, 0% used [0x00000000d6500000,0x00000000d6500000,0x00000000d6600000)
 ParOldGen       total 97280K, used 97162K [0x0000000080000000, 0x0000000085f00000, 0x00000000d5580000)
  object space 97280K, 99% used [0x0000000080000000,0x0000000085ee2ae0,0x0000000085f00000)
 Metaspace       used 74694K, committed 76160K, reserved 1179648K
  class space    used 8045K, committed 8640K, reserved 1048576K
}
Event: 41.151 GC heap before
{Heap before GC invocations=122 (full 3):
 PSYoungGen      total 16896K, used 16496K [0x00000000d5580000, 0x00000000d6780000, 0x0000000100000000)
  eden space 15872K, 100% used [0x00000000d5580000,0x00000000d6500000,0x00000000d6500000)
  from space 1024K, 60% used [0x00000000d6680000,0x00000000d671c030,0x00000000d6780000)
  to   space 1024K, 0% used [0x00000000d6500000,0x00000000d6500000,0x00000000d6600000)
 ParOldGen       total 97280K, used 97162K [0x0000000080000000, 0x0000000085f00000, 0x00000000d5580000)
  object space 97280K, 99% used [0x0000000080000000,0x0000000085ee2ae0,0x0000000085f00000)
 Metaspace       used 75733K, committed 77248K, reserved 1179648K
  class space    used 8180K, committed 8832K, reserved 1048576K
}
Event: 41.153 GC heap after
{Heap after GC invocations=122 (full 3):
 PSYoungGen      total 16896K, used 1005K [0x00000000d5580000, 0x00000000d6e00000, 0x0000000100000000)
  eden space 15872K, 0% used [0x00000000d5580000,0x00000000d5580000,0x00000000d6500000)
  from space 1024K, 98% used [0x00000000d6500000,0x00000000d65fb498,0x00000000d6600000)
  to   space 4608K, 0% used [0x00000000d6980000,0x00000000d6980000,0x00000000d6e00000)
 ParOldGen       total 100352K, used 99946K [0x0000000080000000, 0x0000000086200000, 0x00000000d5580000)
  object space 100352K, 99% used [0x0000000080000000,0x000000008619a830,0x0000000086200000)
 Metaspace       used 75733K, committed 77248K, reserved 1179648K
  class space    used 8180K, committed 8832K, reserved 1048576K
}
Event: 41.977 GC heap before
{Heap before GC invocations=123 (full 3):
 PSYoungGen      total 16896K, used 16877K [0x00000000d5580000, 0x00000000d6e00000, 0x0000000100000000)
  eden space 15872K, 100% used [0x00000000d5580000,0x00000000d6500000,0x00000000d6500000)
  from space 1024K, 98% used [0x00000000d6500000,0x00000000d65fb498,0x00000000d6600000)
  to   space 4608K, 0% used [0x00000000d6980000,0x00000000d6980000,0x00000000d6e00000)
 ParOldGen       total 100352K, used 99946K [0x0000000080000000, 0x0000000086200000, 0x00000000d5580000)
  object space 100352K, 99% used [0x0000000080000000,0x000000008619a830,0x0000000086200000)
 Metaspace       used 75860K, committed 77376K, reserved 1179648K
  class space    used 8194K, committed 8832K, reserved 1048576K
}
Event: 41.979 GC heap after
{Heap after GC invocations=123 (full 3):
 PSYoungGen      total 16896K, used 868K [0x00000000d5580000, 0x00000000d6a80000, 0x0000000100000000)
  eden space 15872K, 0% used [0x00000000d5580000,0x00000000d5580000,0x00000000d6500000)
  from space 1024K, 84% used [0x00000000d6980000,0x00000000d6a59210,0x00000000d6a80000)
  to   space 2048K, 0% used [0x00000000d6680000,0x00000000d6680000,0x00000000d6880000)
 ParOldGen       total 100352K, used 100286K [0x0000000080000000, 0x0000000086200000, 0x00000000d5580000)
  object space 100352K, 99% used [0x0000000080000000,0x00000000861ef840,0x0000000086200000)
 Metaspace       used 75860K, committed 77376K, reserved 1179648K
  class space    used 8194K, committed 8832K, reserved 1048576K
}
Event: 42.165 GC heap before
{Heap before GC invocations=124 (full 3):
 PSYoungGen      total 16896K, used 16740K [0x00000000d5580000, 0x00000000d6a80000, 0x0000000100000000)
  eden space 15872K, 100% used [0x00000000d5580000,0x00000000d6500000,0x00000000d6500000)
  from space 1024K, 84% used [0x00000000d6980000,0x00000000d6a59210,0x00000000d6a80000)
  to   space 2048K, 0% used [0x00000000d6680000,0x00000000d6680000,0x00000000d6880000)
 ParOldGen       total 100352K, used 100286K [0x0000000080000000, 0x0000000086200000, 0x00000000d5580000)
  object space 100352K, 99% used [0x0000000080000000,0x00000000861ef840,0x0000000086200000)
 Metaspace       used 75968K, committed 77504K, reserved 1179648K
  class space    used 8222K, committed 8896K, reserved 1048576K
}
Event: 42.168 GC heap after
{Heap after GC invocations=124 (full 3):
 PSYoungGen      total 17920K, used 2046K [0x00000000d5580000, 0x00000000d7600000, 0x0000000100000000)
  eden space 15872K, 0% used [0x00000000d5580000,0x00000000d5580000,0x00000000d6500000)
  from space 2048K, 99% used [0x00000000d6680000,0x00000000d687fa90,0x00000000d6880000)
  to   space 8704K, 0% used [0x00000000d6d80000,0x00000000d6d80000,0x00000000d7600000)
 ParOldGen       total 105984K, used 105750K [0x0000000080000000, 0x0000000086780000, 0x00000000d5580000)
  object space 105984K, 99% used [0x0000000080000000,0x0000000086745920,0x0000000086780000)
 Metaspace       used 75968K, committed 77504K, reserved 1179648K
  class space    used 8222K, committed 8896K, reserved 1048576K
}

