# JRE version: OpenJDK Runtime Environment Temurin-21.0.11+10 (21.0.11+10) (build 21.0.11+10-LTS)
# Java VM: OpenJDK 64-Bit Server VM Temurin-21.0.11+10 (21.0.11+10-LTS, mixed mode, sharing, tiered, compressed oops, compressed class ptrs, parallel gc, windows-amd64)
GC Precious Log:
 CardTable entry size: 512
 CPUs: 16 total, 16 available
 Memory: 16068M
 Large Page Support: Disabled
 NUMA Support: Disabled
 Compressed Oops: Enabled (32-bit)
 Alignments: Space 512K, Generation 512K, Heap 2M
 Heap Min Capacity: 100M
 Heap Initial Capacity: 100M
 Heap Max Capacity: 2G
 Pre-touch: Disabled
 Parallel Workers: 13
Heap:
 PSYoungGen      total 2048K, used 474K [0x00000000d5580000, 0x00000000d5880000, 0x0000000100000000)
  eden space 1536K, 10% used [0x00000000d5580000,0x00000000d55a6820,0x00000000d5700000)
  from space 512K, 62% used [0x00000000d5780000,0x00000000d57d0000,0x00000000d5800000)
  to   space 512K, 0% used [0x00000000d5800000,0x00000000d5800000,0x00000000d5880000)
 ParOldGen       total 399872K, used 399436K [0x0000000080000000, 0x0000000098680000, 0x00000000d5580000)
  object space 399872K, 99% used [0x0000000080000000,0x00000000986130c8,0x0000000098680000)
 Metaspace       used 83039K, committed 84864K, reserved 1179648K
  class space    used 8915K, committed 9728K, reserved 1048576K
GC Heap History (20 events):
Event: 1835.927 GC heap before
{Heap before GC invocations=751 (full 3):
 PSYoungGen      total 2048K, used 2048K [0x00000000d5580000, 0x00000000d5900000, 0x0000000100000000)
  eden space 1536K, 100% used [0x00000000d5580000,0x00000000d5700000,0x00000000d5700000)
  from space 512K, 100% used [0x00000000d5780000,0x00000000d5800000,0x00000000d5800000)
  to   space 1024K, 0% used [0x00000000d5800000,0x00000000d5800000,0x00000000d5900000)
 ParOldGen       total 386048K, used 385967K [0x0000000080000000, 0x0000000097900000, 0x00000000d5580000)
  object space 386048K, 99% used [0x0000000080000000,0x00000000978ebd08,0x0000000097900000)
 Metaspace       used 83001K, committed 84864K, reserved 1179648K
  class space    used 8915K, committed 9728K, reserved 1048576K
}
Event: 1835.928 GC heap after
{Heap after GC invocations=751 (full 3):
 PSYoungGen      total 2048K, used 372K [0x00000000d5580000, 0x00000000d5880000, 0x0000000100000000)
  eden space 1536K, 0% used [0x00000000d5580000,0x00000000d5580000,0x00000000d5700000)
  from space 512K, 72% used [0x00000000d5800000,0x00000000d585d200,0x00000000d5880000)
  to   space 512K, 0% used [0x00000000d5780000,0x00000000d5780000,0x00000000d5800000)
 ParOldGen       total 386048K, used 386039K [0x0000000080000000, 0x0000000097900000, 0x00000000d5580000)
  object space 386048K, 99% used [0x0000000080000000,0x00000000978fdd08,0x0000000097900000)
 Metaspace       used 83001K, committed 84864K, reserved 1179648K
  class space    used 8915K, committed 9728K, reserved 1048576K
}
Event: 1835.948 GC heap before
{Heap before GC invocations=752 (full 3):
 PSYoungGen      total 2048K, used 1908K [0x00000000d5580000, 0x00000000d5880000, 0x0000000100000000)
  eden space 1536K, 100% used [0x00000000d5580000,0x00000000d5700000,0x00000000d5700000)
  from space 512K, 72% used [0x00000000d5800000,0x00000000d585d200,0x00000000d5880000)
  to   space 512K, 0% used [0x00000000d5780000,0x00000000d5780000,0x00000000d5800000)
 ParOldGen       total 387584K, used 387566K [0x0000000080000000, 0x0000000097a80000, 0x00000000d5580000)
  object space 387584K, 99% used [0x0000000080000000,0x0000000097a7b940,0x0000000097a80000)
 Metaspace       used 83001K, committed 84864K, reserved 1179648K
  class space    used 8915K, committed 9728K, reserved 1048576K
}
Event: 1835.949 GC heap after
{Heap after GC invocations=752 (full 3):
 PSYoungGen      total 2048K, used 378K [0x00000000d5580000, 0x00000000d5880000, 0x0000000100000000)
  eden space 1536K, 0% used [0x00000000d5580000,0x00000000d5580000,0x00000000d5700000)
  from space 512K, 73% used [0x00000000d5780000,0x00000000d57de900,0x00000000d5800000)
  to   space 512K, 0% used [0x00000000d5800000,0x00000000d5800000,0x00000000d5880000)
 ParOldGen       total 388096K, used 387630K [0x0000000080000000, 0x0000000097b00000, 0x00000000d5580000)
  object space 388096K, 99% used [0x0000000080000000,0x0000000097a8b940,0x0000000097b00000)
 Metaspace       used 83001K, committed 84864K, reserved 1179648K
  class space    used 8915K, committed 9728K, reserved 1048576K
}
Event: 1835.965 GC heap before
{Heap before GC invocations=753 (full 3):
 PSYoungGen      total 2048K, used 1914K [0x00000000d5580000, 0x00000000d5880000, 0x0000000100000000)
  eden space 1536K, 100% used [0x00000000d5580000,0x00000000d5700000,0x00000000d5700000)
  from space 512K, 73% used [0x00000000d5780000,0x00000000d57de900,0x00000000d5800000)
  to   space 512K, 0% used [0x00000000d5800000,0x00000000d5800000,0x00000000d5880000)
 ParOldGen       total 389632K, used 389157K [0x0000000080000000, 0x0000000097c80000, 0x00000000d5580000)
  object space 389632K, 99% used [0x0000000080000000,0x0000000097c09578,0x0000000097c80000)
 Metaspace       used 83001K, committed 84864K, reserved 1179648K
  class space    used 8915K, committed 9728K, reserved 1048576K
}
Event: 1835.966 GC heap after
{Heap after GC invocations=753 (full 3):
 PSYoungGen      total 2048K, used 320K [0x00000000d5580000, 0x00000000d5880000, 0x0000000100000000)
  eden space 1536K, 0% used [0x00000000d5580000,0x00000000d5580000,0x00000000d5700000)
  from space 512K, 62% used [0x00000000d5800000,0x00000000d5850000,0x00000000d5880000)
  to   space 512K, 0% used [0x00000000d5780000,0x00000000d5780000,0x00000000d5800000)
 ParOldGen       total 389632K, used 389229K [0x0000000080000000, 0x0000000097c80000, 0x00000000d5580000)
  object space 389632K, 99% used [0x0000000080000000,0x0000000097c1b578,0x0000000097c80000)
 Metaspace       used 83001K, committed 84864K, reserved 1179648K
  class space    used 8915K, committed 9728K, reserved 1048576K
}
Event: 1835.975 GC heap before
{Heap before GC invocations=754 (full 3):
 PSYoungGen      total 2048K, used 1721K [0x00000000d5580000, 0x00000000d5880000, 0x0000000100000000)
  eden space 1536K, 91% used [0x00000000d5580000,0x00000000d56de470,0x00000000d5700000)
  from space 512K, 62% used [0x00000000d5800000,0x00000000d5850000,0x00000000d5880000)
  to   space 512K, 0% used [0x00000000d5780000,0x00000000d5780000,0x00000000d5800000)
 ParOldGen       total 391168K, used 390756K [0x0000000080000000, 0x0000000097e00000, 0x00000000d5580000)
  object space 391168K, 99% used [0x0000000080000000,0x0000000097d991b0,0x0000000097e00000)
 Metaspace       used 83006K, committed 84864K, reserved 1179648K
  class space    used 8915K, committed 9728K, reserved 1048576K
}
Event: 1835.976 GC heap after
{Heap after GC invocations=754 (full 3):
 PSYoungGen      total 2048K, used 510K [0x00000000d5580000, 0x00000000d5900000, 0x0000000100000000)
  eden space 1536K, 0% used [0x00000000d5580000,0x00000000d5580000,0x00000000d5700000)
  from space 512K, 99% used [0x00000000d5780000,0x00000000d57ffb50,0x00000000d5800000)
  to   space 1024K, 0% used [0x00000000d5800000,0x00000000d5800000,0x00000000d5900000)
 ParOldGen       total 391168K, used 390896K [0x0000000080000000, 0x0000000097e00000, 0x00000000d5580000)
  object space 391168K, 99% used [0x0000000080000000,0x0000000097dbc3b0,0x0000000097e00000)
 Metaspace       used 83006K, committed 84864K, reserved 1179648K
  class space    used 8915K, committed 9728K, reserved 1048576K
}
Event: 1835.991 GC heap before
{Heap before GC invocations=755 (full 3):
 PSYoungGen      total 2048K, used 2043K [0x00000000d5580000, 0x00000000d5900000, 0x0000000100000000)
  eden space 1536K, 99% used [0x00000000d5580000,0x00000000d56ff3f0,0x00000000d5700000)
  from space 512K, 99% used [0x00000000d5780000,0x00000000d57ffb50,0x00000000d5800000)
  to   space 1024K, 0% used [0x00000000d5800000,0x00000000d5800000,0x00000000d5900000)
 ParOldGen       total 392704K, used 392423K [0x0000000080000000, 0x0000000097f80000, 0x00000000d5580000)
  object space 392704K, 99% used [0x0000000080000000,0x0000000097f39fe8,0x0000000097f80000)
 Metaspace       used 83008K, committed 84864K, reserved 1179648K
  class space    used 8915K, committed 9728K, reserved 1048576K
}
Event: 1835.992 GC heap after
{Heap after GC invocations=755 (full 3):
 PSYoungGen      total 2560K, used 655K [0x00000000d5580000, 0x00000000d5900000, 0x0000000100000000)
  eden space 1536K, 0% used [0x00000000d5580000,0x00000000d5580000,0x00000000d5700000)
  from space 1024K, 64% used [0x00000000d5800000,0x00000000d58a3f98,0x00000000d5900000)
  to   space 1024K, 0% used [0x00000000d5700000,0x00000000d5700000,0x00000000d5800000)
 ParOldGen       total 392704K, used 392551K [0x0000000080000000, 0x0000000097f80000, 0x00000000d5580000)
  object space 392704K, 99% used [0x0000000080000000,0x0000000097f59fe8,0x0000000097f80000)
 Metaspace       used 83008K, committed 84864K, reserved 1179648K
  class space    used 8915K, committed 9728K, reserved 1048576K
}
Event: 1836.001 GC heap before
{Heap before GC invocations=756 (full 3):
 PSYoungGen      total 2560K, used 2059K [0x00000000d5580000, 0x00000000d5900000, 0x0000000100000000)
  eden space 1536K, 91% used [0x00000000d5580000,0x00000000d56dedb0,0x00000000d5700000)
  from space 1024K, 64% used [0x00000000d5800000,0x00000000d58a3f98,0x00000000d5900000)
  to   space 1024K, 0% used [0x00000000d5700000,0x00000000d5700000,0x00000000d5800000)
 ParOldGen       total 397312K, used 397133K [0x0000000080000000, 0x0000000098400000, 0x00000000d5580000)
  object space 397312K, 99% used [0x0000000080000000,0x00000000983d3490,0x0000000098400000)
 Metaspace       used 83008K, committed 84864K, reserved 1179648K
  class space    used 8915K, committed 9728K, reserved 1048576K
}
Event: 1836.002 GC heap after
{Heap after GC invocations=756 (full 3):
 PSYoungGen      total 2560K, used 320K [0x00000000d5580000, 0x00000000d5880000, 0x0000000100000000)
  eden space 1536K, 0% used [0x00000000d5580000,0x00000000d5580000,0x00000000d5700000)
  from space 1024K, 31% used [0x00000000d5700000,0x00000000d5750000,0x00000000d5800000)
  to   space 512K, 0% used [0x00000000d5800000,0x00000000d5800000,0x00000000d5880000)
 ParOldGen       total 397312K, used 397261K [0x0000000080000000, 0x0000000098400000, 0x00000000d5580000)
  object space 397312K, 99% used [0x0000000080000000,0x00000000983f3490,0x0000000098400000)
 Metaspace       used 83008K, committed 84864K, reserved 1179648K
  class space    used 8915K, committed 9728K, reserved 1048576K
}
Event: 1836.009 GC heap before
{Heap before GC invocations=757 (full 3):
 PSYoungGen      total 2560K, used 1856K [0x00000000d5580000, 0x00000000d5880000, 0x0000000100000000)
  eden space 1536K, 100% used [0x00000000d5580000,0x00000000d5700000,0x00000000d5700000)
  from space 1024K, 31% used [0x00000000d5700000,0x00000000d5750000,0x00000000d5800000)
  to   space 512K, 0% used [0x00000000d5800000,0x00000000d5800000,0x00000000d5880000)
 ParOldGen       total 398848K, used 398788K [0x0000000080000000, 0x0000000098580000, 0x00000000d5580000)
  object space 398848K, 99% used [0x0000000080000000,0x00000000985710c8,0x0000000098580000)
 Metaspace       used 83008K, committed 84864K, reserved 1179648K
  class space    used 8915K, committed 9728K, reserved 1048576K
}
Event: 1836.010 GC heap after
{Heap after GC invocations=757 (full 3):
 PSYoungGen      total 2048K, used 512K [0x00000000d5580000, 0x00000000d5900000, 0x0000000100000000)
  eden space 1536K, 0% used [0x00000000d5580000,0x00000000d5580000,0x00000000d5700000)
  from space 512K, 100% used [0x00000000d5800000,0x00000000d5880000,0x00000000d5880000)
  to   space 1024K, 0% used [0x00000000d5700000,0x00000000d5700000,0x00000000d5800000)
 ParOldGen       total 398848K, used 398820K [0x0000000080000000, 0x0000000098580000, 0x00000000d5580000)
  object space 398848K, 99% used [0x0000000080000000,0x00000000985790c8,0x0000000098580000)
 Metaspace       used 83008K, committed 84864K, reserved 1179648K
  class space    used 8915K, committed 9728K, reserved 1048576K
}
Event: 1836.016 GC heap before
{Heap before GC invocations=758 (full 3):
 PSYoungGen      total 2048K, used 2048K [0x00000000d5580000, 0x00000000d5900000, 0x0000000100000000)
  eden space 1536K, 100% used [0x00000000d5580000,0x00000000d5700000,0x00000000d5700000)
  from space 512K, 100% used [0x00000000d5800000,0x00000000d5880000,0x00000000d5880000)
  to   space 1024K, 0% used [0x00000000d5700000,0x00000000d5700000,0x00000000d5800000)
 ParOldGen       total 398848K, used 398820K [0x0000000080000000, 0x0000000098580000, 0x00000000d5580000)
  object space 398848K, 99% used [0x0000000080000000,0x00000000985790c8,0x0000000098580000)
 Metaspace       used 83009K, committed 84864K, reserved 1179648K
  class space    used 8915K, committed 9728K, reserved 1048576K
}
Event: 1836.017 GC heap after
{Heap after GC invocations=758 (full 3):
 PSYoungGen      total 2560K, used 506K [0x00000000d5580000, 0x00000000d5900000, 0x0000000100000000)
  eden space 1536K, 0% used [0x00000000d5580000,0x00000000d5580000,0x00000000d5700000)
  from space 1024K, 49% used [0x00000000d5700000,0x00000000d577e900,0x00000000d5800000)
  to   space 1024K, 0% used [0x00000000d5800000,0x00000000d5800000,0x00000000d5900000)
 ParOldGen       total 399360K, used 399124K [0x0000000080000000, 0x0000000098600000, 0x00000000d5580000)
  object space 399360K, 99% used [0x0000000080000000,0x00000000985c50c8,0x0000000098600000)
 Metaspace       used 83009K, committed 84864K, reserved 1179648K
  class space    used 8915K, committed 9728K, reserved 1048576K
}
Event: 2129.119 GC heap before
{Heap before GC invocations=759 (full 3):
 PSYoungGen      total 2560K, used 2042K [0x00000000d5580000, 0x00000000d5900000, 0x0000000100000000)
  eden space 1536K, 100% used [0x00000000d5580000,0x00000000d5700000,0x00000000d5700000)
  from space 1024K, 49% used [0x00000000d5700000,0x00000000d577e900,0x00000000d5800000)
  to   space 1024K, 0% used [0x00000000d5800000,0x00000000d5800000,0x00000000d5900000)
 ParOldGen       total 399360K, used 399124K [0x0000000080000000, 0x0000000098600000, 0x00000000d5580000)
  object space 399360K, 99% used [0x0000000080000000,0x00000000985c50c8,0x0000000098600000)
 Metaspace       used 83016K, committed 84864K, reserved 1179648K
  class space    used 8915K, committed 9728K, reserved 1048576K
}
Event: 2129.120 GC heap after
{Heap after GC invocations=759 (full 3):
 PSYoungGen      total 2048K, used 288K [0x00000000d5580000, 0x00000000d5880000, 0x0000000100000000)
  eden space 1536K, 0% used [0x00000000d5580000,0x00000000d5580000,0x00000000d5700000)
  from space 512K, 56% used [0x00000000d5800000,0x00000000d5848000,0x00000000d5880000)
  to   space 512K, 0% used [0x00000000d5780000,0x00000000d5780000,0x00000000d5800000)
 ParOldGen       total 399872K, used 399380K [0x0000000080000000, 0x0000000098680000, 0x00000000d5580000)
  object space 399872K, 99% used [0x0000000080000000,0x00000000986050c8,0x0000000098680000)
 Metaspace       used 83016K, committed 84864K, reserved 1179648K
  class space    used 8915K, committed 9728K, reserved 1048576K
}
Event: 3826.781 GC heap before
{Heap before GC invocations=760 (full 3):
 PSYoungGen      total 2048K, used 1824K [0x00000000d5580000, 0x00000000d5880000, 0x0000000100000000)
  eden space 1536K, 100% used [0x00000000d5580000,0x00000000d5700000,0x00000000d5700000)
  from space 512K, 56% used [0x00000000d5800000,0x00000000d5848000,0x00000000d5880000)
  to   space 512K, 0% used [0x00000000d5780000,0x00000000d5780000,0x00000000d5800000)
 ParOldGen       total 399872K, used 399380K [0x0000000080000000, 0x0000000098680000, 0x00000000d5580000)
  object space 399872K, 99% used [0x0000000080000000,0x00000000986050c8,0x0000000098680000)
 Metaspace       used 83037K, committed 84864K, reserved 1179648K
  class space    used 8915K, committed 9728K, reserved 1048576K
}
Event: 3826.790 GC heap after
{Heap after GC invocations=760 (full 3):
 PSYoungGen      total 2048K, used 320K [0x00000000d5580000, 0x00000000d5880000, 0x0000000100000000)
  eden space 1536K, 0% used [0x00000000d5580000,0x00000000d5580000,0x00000000d5700000)
  from space 512K, 62% used [0x00000000d5780000,0x00000000d57d0000,0x00000000d5800000)
  to   space 512K, 0% used [0x00000000d5800000,0x00000000d5800000,0x00000000d5880000)
 ParOldGen       total 399872K, used 399436K [0x0000000080000000, 0x0000000098680000, 0x00000000d5580000)
  object space 399872K, 99% used [0x0000000080000000,0x00000000986130c8,0x0000000098680000)
 Metaspace       used 83037K, committed 84864K, reserved 1179648K
  class space    used 8915K, committed 9728K, reserved 1048576K
}

