# JRE version: OpenJDK Runtime Environment Temurin-21.0.11+10 (21.0.11+10) (build 21.0.11+10-LTS)
# Java VM: OpenJDK 64-Bit Server VM Temurin-21.0.11+10 (21.0.11+10-LTS, mixed mode, sharing, tiered, compressed oops, compressed class ptrs, g1 gc, windows-amd64)
GC Precious Log:
 CardTable entry size: 512
 Card Set container configuration: InlinePtr #cards 5 size 8 Array Of Cards #cards 12 size 40 Howl #buckets 4 coarsen threshold 1843 Howl Bitmap #cards 512 size 80 coarsen threshold 460 Card regions per heap region 1 cards per card region 2048
 CPUs: 16 total, 16 available
 Memory: 16068M
 Large Page Support: Disabled
 NUMA Support: Disabled
 Compressed Oops: Enabled (32-bit)
 Heap Region Size: 1M
 Heap Min Capacity: 256M
 Heap Initial Capacity: 256M
 Heap Max Capacity: 1G
 Pre-touch: Disabled
 Parallel Workers: 13
 Concurrent Workers: 3
 Concurrent Refinement Workers: 13
 Periodic GC: Disabled
 String Deduplication is enabled
Heap:
 garbage-first heap   total 262144K, used 44657K [0x00000000c0000000, 0x0000000100000000)
  region size 1024K, 31 young (31744K), 8 survivors (8192K)
 Metaspace       used 36969K, committed 38144K, reserved 1114112K
  class space    used 3842K, committed 4352K, reserved 1048576K
GC Heap History (12 events):
Event: 0.780 GC heap before
{Heap before GC invocations=0 (full 0):
 garbage-first heap   total 262144K, used 22528K [0x00000000c0000000, 0x0000000100000000)
  region size 1024K, 23 young (23552K), 0 survivors (0K)
 Metaspace       used 4173K, committed 4416K, reserved 1114112K
  class space    used 454K, committed 576K, reserved 1048576K
}
Event: 0.785 GC heap after
{Heap after GC invocations=1 (full 0):
 garbage-first heap   total 262144K, used 3357K [0x00000000c0000000, 0x0000000100000000)
  region size 1024K, 3 young (3072K), 3 survivors (3072K)
 Metaspace       used 4173K, committed 4416K, reserved 1114112K
  class space    used 454K, committed 576K, reserved 1048576K
}
Event: 1.667 GC heap before
{Heap before GC invocations=1 (full 0):
 garbage-first heap   total 262144K, used 35101K [0x00000000c0000000, 0x0000000100000000)
  region size 1024K, 35 young (35840K), 3 survivors (3072K)
 Metaspace       used 8616K, committed 8960K, reserved 1114112K
  class space    used 911K, committed 1088K, reserved 1048576K
}
Event: 1.672 GC heap after
{Heap after GC invocations=2 (full 0):
 garbage-first heap   total 262144K, used 6567K [0x00000000c0000000, 0x0000000100000000)
  region size 1024K, 4 young (4096K), 4 survivors (4096K)
 Metaspace       used 8616K, committed 8960K, reserved 1114112K
  class space    used 911K, committed 1088K, reserved 1048576K
}
Event: 13.875 GC heap before
{Heap before GC invocations=2 (full 0):
 garbage-first heap   total 262144K, used 123303K [0x00000000c0000000, 0x0000000100000000)
  region size 1024K, 120 young (122880K), 4 survivors (4096K)
 Metaspace       used 20652K, committed 21504K, reserved 1114112K
  class space    used 2170K, committed 2560K, reserved 1048576K
}
Event: 13.893 GC heap after
{Heap after GC invocations=3 (full 0):
 garbage-first heap   total 262144K, used 14276K [0x00000000c0000000, 0x0000000100000000)
  region size 1024K, 11 young (11264K), 11 survivors (11264K)
 Metaspace       used 20652K, committed 21504K, reserved 1114112K
  class space    used 2170K, committed 2560K, reserved 1048576K
}
Event: 21.765 GC heap before
{Heap before GC invocations=4 (full 0):
 garbage-first heap   total 262144K, used 160708K [0x00000000c0000000, 0x0000000100000000)
  region size 1024K, 153 young (156672K), 11 survivors (11264K)
 Metaspace       used 33944K, committed 35136K, reserved 1114112K
  class space    used 3448K, committed 3968K, reserved 1048576K
}
Event: 21.791 GC heap after
{Heap after GC invocations=5 (full 0):
 garbage-first heap   total 262144K, used 22665K [0x00000000c0000000, 0x0000000100000000)
  region size 1024K, 14 young (14336K), 14 survivors (14336K)
 Metaspace       used 33944K, committed 35136K, reserved 1114112K
  class space    used 3448K, committed 3968K, reserved 1048576K
}
Event: 22.313 GC heap before
{Heap before GC invocations=5 (full 0):
 garbage-first heap   total 262144K, used 31881K [0x00000000c0000000, 0x0000000100000000)
  region size 1024K, 24 young (24576K), 14 survivors (14336K)
 Metaspace       used 34898K, committed 35968K, reserved 1114112K
  class space    used 3570K, committed 4096K, reserved 1048576K
}
Event: 22.335 GC heap after
{Heap after GC invocations=6 (full 0):
 garbage-first heap   total 262144K, used 23735K [0x00000000c0000000, 0x0000000100000000)
  region size 1024K, 8 young (8192K), 8 survivors (8192K)
 Metaspace       used 34898K, committed 35968K, reserved 1114112K
  class space    used 3570K, committed 4096K, reserved 1048576K
}
Event: 22.407 GC heap before
{Heap before GC invocations=6 (full 0):
 garbage-first heap   total 262144K, used 24759K [0x00000000c0000000, 0x0000000100000000)
  region size 1024K, 11 young (11264K), 8 survivors (8192K)
 Metaspace       used 35204K, committed 36288K, reserved 1114112K
  class space    used 3598K, committed 4096K, reserved 1048576K
}
Event: 22.417 GC heap after
{Heap after GC invocations=7 (full 0):
 garbage-first heap   total 262144K, used 23153K [0x00000000c0000000, 0x0000000100000000)
  region size 1024K, 8 young (8192K), 8 survivors (8192K)
 Metaspace       used 35204K, committed 36288K, reserved 1114112K
  class space    used 3598K, committed 4096K, reserved 1048576K
}

