# JRE version: OpenJDK Runtime Environment Temurin-21.0.11+10 (21.0.11+10) (build 21.0.11+10-LTS)
# Java VM: OpenJDK 64-Bit Server VM Temurin-21.0.11+10 (21.0.11+10-LTS, mixed mode, sharing, tiered, compressed oops, compressed class ptrs, parallel gc, windows-amd64)
GC Precious Log:
 CardTable entry size: 512
 CPUs: 16 total, 16 available
 Memory: 16068M
 Large Page Support: Disabled
 NUMA Support: Disabled
 Compressed Oops: Enabled (32-bit)
 Alignments: Space 512K, Generation 512K, Heap 2M
 Heap Min Capacity: 100M
 Heap Initial Capacity: 100M
 Heap Max Capacity: 2G
 Pre-touch: Disabled
 Parallel Workers: 13
Heap:
 PSYoungGen      total 12288K, used 10595K [0x00000000d5580000, 0x00000000d6380000, 0x0000000100000000)
  eden space 10240K, 100% used [0x00000000d5580000,0x00000000d5f80000,0x00000000d5f80000)
  from space 2048K, 17% used [0x00000000d5f80000,0x00000000d5fd8d68,0x00000000d6180000)
  to   space 1024K, 0% used [0x00000000d6280000,0x00000000d6280000,0x00000000d6380000)
 ParOldGen       total 115712K, used 115711K [0x0000000080000000, 0x0000000087100000, 0x00000000d5580000)
  object space 115712K, 99% used [0x0000000080000000,0x00000000870fff98,0x0000000087100000)
 Metaspace       used 66373K, committed 67904K, reserved 1114112K
  class space    used 7015K, committed 7680K, reserved 1048576K
GC Heap History (20 events):
Event: 29.419 GC heap after
{Heap after GC invocations=194 (full 3):
 PSYoungGen      total 11264K, used 481K [0x00000000d5580000, 0x00000000d6200000, 0x0000000100000000)
  eden space 10752K, 0% used [0x00000000d5580000,0x00000000d5580000,0x00000000d6000000)
  from space 512K, 94% used [0x00000000d6080000,0x00000000d60f8570,0x00000000d6100000)
  to   space 1024K, 0% used [0x00000000d6100000,0x00000000d6100000,0x00000000d6200000)
 ParOldGen       total 111104K, used 110610K [0x0000000080000000, 0x0000000086c80000, 0x00000000d5580000)
  object space 111104K, 99% used [0x0000000080000000,0x0000000086c04ab0,0x0000000086c80000)
 Metaspace       used 66354K, committed 67840K, reserved 1114112K
  class space    used 7015K, committed 7680K, reserved 1048576K
}
Event: 29.427 GC heap before
{Heap before GC invocations=195 (full 3):
 PSYoungGen      total 11264K, used 11233K [0x00000000d5580000, 0x00000000d6200000, 0x0000000100000000)
  eden space 10752K, 100% used [0x00000000d5580000,0x00000000d6000000,0x00000000d6000000)
  from space 512K, 94% used [0x00000000d6080000,0x00000000d60f8570,0x00000000d6100000)
  to   space 1024K, 0% used [0x00000000d6100000,0x00000000d6100000,0x00000000d6200000)
 ParOldGen       total 111104K, used 110610K [0x0000000080000000, 0x0000000086c80000, 0x00000000d5580000)
  object space 111104K, 99% used [0x0000000080000000,0x0000000086c04ab0,0x0000000086c80000)
 Metaspace       used 66360K, committed 67840K, reserved 1114112K
  class space    used 7015K, committed 7680K, reserved 1048576K
}
Event: 29.428 GC heap after
{Heap after GC invocations=195 (full 3):
 PSYoungGen      total 11776K, used 512K [0x00000000d5580000, 0x00000000d6200000, 0x0000000100000000)
  eden space 10752K, 0% used [0x00000000d5580000,0x00000000d5580000,0x00000000d6000000)
  from space 1024K, 50% used [0x00000000d6100000,0x00000000d6180000,0x00000000d6200000)
  to   space 1024K, 0% used [0x00000000d6000000,0x00000000d6000000,0x00000000d6100000)
 ParOldGen       total 111104K, used 110849K [0x0000000080000000, 0x0000000086c80000, 0x00000000d5580000)
  object space 111104K, 99% used [0x0000000080000000,0x0000000086c40590,0x0000000086c80000)
 Metaspace       used 66360K, committed 67840K, reserved 1114112K
  class space    used 7015K, committed 7680K, reserved 1048576K
}
Event: 29.440 GC heap before
{Heap before GC invocations=196 (full 3):
 PSYoungGen      total 11776K, used 11264K [0x00000000d5580000, 0x00000000d6200000, 0x0000000100000000)
  eden space 10752K, 100% used [0x00000000d5580000,0x00000000d6000000,0x00000000d6000000)
  from space 1024K, 50% used [0x00000000d6100000,0x00000000d6180000,0x00000000d6200000)
  to   space 1024K, 0% used [0x00000000d6000000,0x00000000d6000000,0x00000000d6100000)
 ParOldGen       total 111104K, used 110849K [0x0000000080000000, 0x0000000086c80000, 0x00000000d5580000)
  object space 111104K, 99% used [0x0000000080000000,0x0000000086c40590,0x0000000086c80000)
 Metaspace       used 66364K, committed 67840K, reserved 1114112K
  class space    used 7015K, committed 7680K, reserved 1048576K
}
Event: 29.441 GC heap after
{Heap after GC invocations=196 (full 3):
 PSYoungGen      total 11776K, used 512K [0x00000000d5580000, 0x00000000d6200000, 0x0000000100000000)
  eden space 10752K, 0% used [0x00000000d5580000,0x00000000d5580000,0x00000000d6000000)
  from space 1024K, 50% used [0x00000000d6000000,0x00000000d6080020,0x00000000d6100000)
  to   space 1024K, 0% used [0x00000000d6100000,0x00000000d6100000,0x00000000d6200000)
 ParOldGen       total 111616K, used 111193K [0x0000000080000000, 0x0000000086d00000, 0x00000000d5580000)
  object space 111616K, 99% used [0x0000000080000000,0x0000000086c96460,0x0000000086d00000)
 Metaspace       used 66364K, committed 67840K, reserved 1114112K
  class space    used 7015K, committed 7680K, reserved 1048576K
}
Event: 29.454 GC heap before
{Heap before GC invocations=197 (full 3):
 PSYoungGen      total 11776K, used 11264K [0x00000000d5580000, 0x00000000d6200000, 0x0000000100000000)
  eden space 10752K, 100% used [0x00000000d5580000,0x00000000d6000000,0x00000000d6000000)
  from space 1024K, 50% used [0x00000000d6000000,0x00000000d6080020,0x00000000d6100000)
  to   space 1024K, 0% used [0x00000000d6100000,0x00000000d6100000,0x00000000d6200000)
 ParOldGen       total 111616K, used 111193K [0x0000000080000000, 0x0000000086d00000, 0x00000000d5580000)
  object space 111616K, 99% used [0x0000000080000000,0x0000000086c96460,0x0000000086d00000)
 Metaspace       used 66369K, committed 67840K, reserved 1114112K
  class space    used 7015K, committed 7680K, reserved 1048576K
}
Event: 29.455 GC heap after
{Heap after GC invocations=197 (full 3):
 PSYoungGen      total 11776K, used 562K [0x00000000d5580000, 0x00000000d6200000, 0x0000000100000000)
  eden space 10752K, 0% used [0x00000000d5580000,0x00000000d5580000,0x00000000d6000000)
  from space 1024K, 54% used [0x00000000d6100000,0x00000000d618c868,0x00000000d6200000)
  to   space 1024K, 0% used [0x00000000d6000000,0x00000000d6000000,0x00000000d6100000)
 ParOldGen       total 111616K, used 111464K [0x0000000080000000, 0x0000000086d00000, 0x00000000d5580000)
  object space 111616K, 99% used [0x0000000080000000,0x0000000086cda308,0x0000000086d00000)
 Metaspace       used 66369K, committed 67840K, reserved 1114112K
  class space    used 7015K, committed 7680K, reserved 1048576K
}
Event: 29.460 GC heap before
{Heap before GC invocations=198 (full 3):
 PSYoungGen      total 11776K, used 11314K [0x00000000d5580000, 0x00000000d6200000, 0x0000000100000000)
  eden space 10752K, 99% used [0x00000000d5580000,0x00000000d5fffff0,0x00000000d6000000)
  from space 1024K, 54% used [0x00000000d6100000,0x00000000d618c868,0x00000000d6200000)
  to   space 1024K, 0% used [0x00000000d6000000,0x00000000d6000000,0x00000000d6100000)
 ParOldGen       total 111616K, used 111464K [0x0000000080000000, 0x0000000086d00000, 0x00000000d5580000)
  object space 111616K, 99% used [0x0000000080000000,0x0000000086cda308,0x0000000086d00000)
 Metaspace       used 66369K, committed 67840K, reserved 1114112K
  class space    used 7015K, committed 7680K, reserved 1048576K
}
Event: 29.461 GC heap after
{Heap after GC invocations=198 (full 3):
 PSYoungGen      total 11776K, used 288K [0x00000000d5580000, 0x00000000d6180000, 0x0000000100000000)
  eden space 10752K, 0% used [0x00000000d5580000,0x00000000d5580000,0x00000000d6000000)
  from space 1024K, 28% used [0x00000000d6000000,0x00000000d6048000,0x00000000d6100000)
  to   space 512K, 0% used [0x00000000d6100000,0x00000000d6100000,0x00000000d6180000)
 ParOldGen       total 112128K, used 111843K [0x0000000080000000, 0x0000000086d80000, 0x00000000d5580000)
  object space 112128K, 99% used [0x0000000080000000,0x0000000086d38da8,0x0000000086d80000)
 Metaspace       used 66369K, committed 67840K, reserved 1114112K
  class space    used 7015K, committed 7680K, reserved 1048576K
}
Event: 29.472 GC heap before
{Heap before GC invocations=199 (full 3):
 PSYoungGen      total 11776K, used 11035K [0x00000000d5580000, 0x00000000d6180000, 0x0000000100000000)
  eden space 10752K, 99% used [0x00000000d5580000,0x00000000d5ffee70,0x00000000d6000000)
  from space 1024K, 28% used [0x00000000d6000000,0x00000000d6048000,0x00000000d6100000)
  to   space 512K, 0% used [0x00000000d6100000,0x00000000d6100000,0x00000000d6180000)
 ParOldGen       total 112128K, used 111859K [0x0000000080000000, 0x0000000086d80000, 0x00000000d5580000)
  object space 112128K, 99% used [0x0000000080000000,0x0000000086d3cdb8,0x0000000086d80000)
 Metaspace       used 66373K, committed 67904K, reserved 1114112K
  class space    used 7015K, committed 7680K, reserved 1048576K
}
Event: 29.473 GC heap after
{Heap after GC invocations=199 (full 3):
 PSYoungGen      total 11264K, used 464K [0x00000000d5580000, 0x00000000d6180000, 0x0000000100000000)
  eden space 10752K, 0% used [0x00000000d5580000,0x00000000d5580000,0x00000000d6000000)
  from space 512K, 90% used [0x00000000d6100000,0x00000000d61740b0,0x00000000d6180000)
  to   space 512K, 0% used [0x00000000d6080000,0x00000000d6080000,0x00000000d6100000)
 ParOldGen       total 112640K, used 112203K [0x0000000080000000, 0x0000000086e00000, 0x00000000d5580000)
  object space 112640K, 99% used [0x0000000080000000,0x0000000086d92dc8,0x0000000086e00000)
 Metaspace       used 66373K, committed 67904K, reserved 1114112K
  class space    used 7015K, committed 7680K, reserved 1048576K
}
Event: 29.480 GC heap before
{Heap before GC invocations=200 (full 3):
 PSYoungGen      total 11264K, used 11216K [0x00000000d5580000, 0x00000000d6180000, 0x0000000100000000)
  eden space 10752K, 100% used [0x00000000d5580000,0x00000000d6000000,0x00000000d6000000)
  from space 512K, 90% used [0x00000000d6100000,0x00000000d61740b0,0x00000000d6180000)
  to   space 512K, 0% used [0x00000000d6080000,0x00000000d6080000,0x00000000d6100000)
 ParOldGen       total 112640K, used 112205K [0x0000000080000000, 0x0000000086e00000, 0x00000000d5580000)
  object space 112640K, 99% used [0x0000000080000000,0x0000000086d935d0,0x0000000086e00000)
 Metaspace       used 66373K, committed 67904K, reserved 1114112K
  class space    used 7015K, committed 7680K, reserved 1048576K
}
Event: 29.482 GC heap after
{Heap after GC invocations=200 (full 3):
 PSYoungGen      total 11264K, used 384K [0x00000000d5580000, 0x00000000d6180000, 0x0000000100000000)
  eden space 10752K, 0% used [0x00000000d5580000,0x00000000d5580000,0x00000000d6000000)
  from space 512K, 75% used [0x00000000d6080000,0x00000000d60e0000,0x00000000d6100000)
  to   space 512K, 0% used [0x00000000d6100000,0x00000000d6100000,0x00000000d6180000)
 ParOldGen       total 112640K, used 112450K [0x0000000080000000, 0x0000000086e00000, 0x00000000d5580000)
  object space 112640K, 99% used [0x0000000080000000,0x0000000086dd0898,0x0000000086e00000)
 Metaspace       used 66373K, committed 67904K, reserved 1114112K
  class space    used 7015K, committed 7680K, reserved 1048576K
}
Event: 29.490 GC heap before
{Heap before GC invocations=201 (full 3):
 PSYoungGen      total 11264K, used 11136K [0x00000000d5580000, 0x00000000d6180000, 0x0000000100000000)
  eden space 10752K, 100% used [0x00000000d5580000,0x00000000d6000000,0x00000000d6000000)
  from space 512K, 75% used [0x00000000d6080000,0x00000000d60e0000,0x00000000d6100000)
  to   space 512K, 0% used [0x00000000d6100000,0x00000000d6100000,0x00000000d6180000)
 ParOldGen       total 112640K, used 112450K [0x0000000080000000, 0x0000000086e00000, 0x00000000d5580000)
  object space 112640K, 99% used [0x0000000080000000,0x0000000086dd0898,0x0000000086e00000)
 Metaspace       used 66373K, committed 67904K, reserved 1114112K
  class space    used 7015K, committed 7680K, reserved 1048576K
}
Event: 29.491 GC heap after
{Heap after GC invocations=201 (full 3):
 PSYoungGen      total 10752K, used 508K [0x00000000d5580000, 0x00000000d6300000, 0x0000000100000000)
  eden space 10240K, 0% used [0x00000000d5580000,0x00000000d5580000,0x00000000d5f80000)
  from space 512K, 99% used [0x00000000d6100000,0x00000000d617f2a8,0x00000000d6180000)
  to   space 1536K, 0% used [0x00000000d5f80000,0x00000000d5f80000,0x00000000d6100000)
 ParOldGen       total 113152K, used 113002K [0x0000000080000000, 0x0000000086e80000, 0x00000000d5580000)
  object space 113152K, 99% used [0x0000000080000000,0x0000000086e5a898,0x0000000086e80000)
 Metaspace       used 66373K, committed 67904K, reserved 1114112K
  class space    used 7015K, committed 7680K, reserved 1048576K
}
Event: 29.497 GC heap before
{Heap before GC invocations=202 (full 3):
 PSYoungGen      total 10752K, used 10748K [0x00000000d5580000, 0x00000000d6300000, 0x0000000100000000)
  eden space 10240K, 100% used [0x00000000d5580000,0x00000000d5f80000,0x00000000d5f80000)
  from space 512K, 99% used [0x00000000d6100000,0x00000000d617f2a8,0x00000000d6180000)
  to   space 1536K, 0% used [0x00000000d5f80000,0x00000000d5f80000,0x00000000d6100000)
 ParOldGen       total 113152K, used 113002K [0x0000000080000000, 0x0000000086e80000, 0x00000000d5580000)
  object space 113152K, 99% used [0x0000000080000000,0x0000000086e5a898,0x0000000086e80000)
 Metaspace       used 66373K, committed 67904K, reserved 1114112K
  class space    used 7015K, committed 7680K, reserved 1048576K
}
Event: 29.498 GC heap after
{Heap after GC invocations=202 (full 3):
 PSYoungGen      total 11776K, used 1504K [0x00000000d5580000, 0x00000000d6480000, 0x0000000100000000)
  eden space 10240K, 0% used [0x00000000d5580000,0x00000000d5580000,0x00000000d5f80000)
  from space 1536K, 97% used [0x00000000d5f80000,0x00000000d60f8010,0x00000000d6100000)
  to   space 2560K, 0% used [0x00000000d6200000,0x00000000d6200000,0x00000000d6480000)
 ParOldGen       total 113664K, used 113565K [0x0000000080000000, 0x0000000086f00000, 0x00000000d5580000)
  object space 113664K, 99% used [0x0000000080000000,0x0000000086ee7458,0x0000000086f00000)
 Metaspace       used 66373K, committed 67904K, reserved 1114112K
  class space    used 7015K, committed 7680K, reserved 1048576K
}
Event: 29.504 GC heap before
{Heap before GC invocations=203 (full 3):
 PSYoungGen      total 11776K, used 11744K [0x00000000d5580000, 0x00000000d6480000, 0x0000000100000000)
  eden space 10240K, 100% used [0x00000000d5580000,0x00000000d5f80000,0x00000000d5f80000)
  from space 1536K, 97% used [0x00000000d5f80000,0x00000000d60f8010,0x00000000d6100000)
  to   space 2560K, 0% used [0x00000000d6200000,0x00000000d6200000,0x00000000d6480000)
 ParOldGen       total 113664K, used 113565K [0x0000000080000000, 0x0000000086f00000, 0x00000000d5580000)
  object space 113664K, 99% used [0x0000000080000000,0x0000000086ee7458,0x0000000086f00000)
 Metaspace       used 66373K, committed 67904K, reserved 1114112K
  class space    used 7015K, committed 7680K, reserved 1048576K
}
Event: 29.506 GC heap after
{Heap after GC invocations=203 (full 3):
 PSYoungGen      total 11776K, used 1376K [0x00000000d5580000, 0x00000000d6380000, 0x0000000100000000)
  eden space 10240K, 0% used [0x00000000d5580000,0x00000000d5580000,0x00000000d5f80000)
  from space 1536K, 89% used [0x00000000d6200000,0x00000000d6358200,0x00000000d6380000)
  to   space 2048K, 0% used [0x00000000d5f80000,0x00000000d5f80000,0x00000000d6180000)
 ParOldGen       total 115200K, used 115021K [0x0000000080000000, 0x0000000087080000, 0x00000000d5580000)
  object space 115200K, 99% used [0x0000000080000000,0x0000000087053468,0x0000000087080000)
 Metaspace       used 66373K, committed 67904K, reserved 1114112K
  class space    used 7015K, committed 7680K, reserved 1048576K
}
Event: 29.511 GC heap before
{Heap before GC invocations=204 (full 3):
 PSYoungGen      total 11776K, used 11616K [0x00000000d5580000, 0x00000000d6380000, 0x0000000100000000)
  eden space 10240K, 100% used [0x00000000d5580000,0x00000000d5f80000,0x00000000d5f80000)
  from space 1536K, 89% used [0x00000000d6200000,0x00000000d6358200,0x00000000d6380000)
  to   space 2048K, 0% used [0x00000000d5f80000,0x00000000d5f80000,0x00000000d6180000)
 ParOldGen       total 115200K, used 115021K [0x0000000080000000, 0x0000000087080000, 0x00000000d5580000)
  object space 115200K, 99% used [0x0000000080000000,0x0000000087053468,0x0000000087080000)
 Metaspace       used 66373K, committed 67904K, reserved 1114112K
  class space    used 7015K, committed 7680K, reserved 1048576K
}

