# JRE version: OpenJDK Runtime Environment Temurin-21.0.11+10 (21.0.11+10) (build 21.0.11+10-LTS)
# Java VM: OpenJDK 64-Bit Server VM Temurin-21.0.11+10 (21.0.11+10-LTS, mixed mode, sharing, tiered, compressed oops, compressed class ptrs, parallel gc, windows-amd64)
GC Precious Log:
 CardTable entry size: 512
 CPUs: 16 total, 16 available
 Memory: 16068M
 Large Page Support: Disabled
 NUMA Support: Disabled
 Compressed Oops: Enabled (32-bit)
 Alignments: Space 512K, Generation 512K, Heap 2M
 Heap Min Capacity: 100M
 Heap Initial Capacity: 100M
 Heap Max Capacity: 2G
 Pre-touch: Disabled
 Parallel Workers: 13
Heap:
 PSYoungGen      total 20992K, used 7653K [0x00000000d5580000, 0x00000000d6c00000, 0x0000000100000000)
  eden space 19456K, 32% used [0x00000000d5580000,0x00000000d5b99790,0x00000000d6880000)
  from space 1536K, 91% used [0x00000000d6a80000,0x00000000d6be0000,0x00000000d6c00000)
  to   space 1536K, 0% used [0x00000000d6900000,0x00000000d6900000,0x00000000d6a80000)
 ParOldGen       total 68608K, used 40328K [0x0000000080000000, 0x0000000084300000, 0x00000000d5580000)
  object space 68608K, 58% used [0x0000000080000000,0x00000000827621c0,0x0000000084300000)
 Metaspace       used 49326K, committed 50624K, reserved 1114112K
  class space    used 5346K, committed 5888K, reserved 1048576K
GC Heap History (20 events):
Event: 12.443 GC heap before
{Heap before GC invocations=19 (full 2):
 PSYoungGen      total 24576K, used 24384K [0x00000000d5580000, 0x00000000d7180000, 0x0000000100000000)
  eden space 22016K, 100% used [0x00000000d5580000,0x00000000d6b00000,0x00000000d6b00000)
  from space 2560K, 92% used [0x00000000d6f00000,0x00000000d7150030,0x00000000d7180000)
  to   space 3072K, 0% used [0x00000000d6b80000,0x00000000d6b80000,0x00000000d6e80000)
 ParOldGen       total 68608K, used 23074K [0x0000000080000000, 0x0000000084300000, 0x00000000d5580000)
  object space 68608K, 33% used [0x0000000080000000,0x0000000081688aa0,0x0000000084300000)
 Metaspace       used 40184K, committed 41472K, reserved 1114112K
  class space    used 4205K, committed 4800K, reserved 1048576K
}
Event: 12.449 GC heap after
{Heap after GC invocations=19 (full 2):
 PSYoungGen      total 24576K, used 2048K [0x00000000d5580000, 0x00000000d7000000, 0x0000000100000000)
  eden space 22016K, 0% used [0x00000000d5580000,0x00000000d5580000,0x00000000d6b00000)
  from space 2560K, 80% used [0x00000000d6b80000,0x00000000d6d80010,0x00000000d6e00000)
  to   space 2048K, 0% used [0x00000000d6e00000,0x00000000d6e00000,0x00000000d7000000)
 ParOldGen       total 68608K, used 25278K [0x0000000080000000, 0x0000000084300000, 0x00000000d5580000)
  object space 68608K, 36% used [0x0000000080000000,0x00000000818afad0,0x0000000084300000)
 Metaspace       used 40184K, committed 41472K, reserved 1114112K
  class space    used 4205K, committed 4800K, reserved 1048576K
}
Event: 12.916 GC heap before
{Heap before GC invocations=20 (full 2):
 PSYoungGen      total 24576K, used 24064K [0x00000000d5580000, 0x00000000d7000000, 0x0000000100000000)
  eden space 22016K, 100% used [0x00000000d5580000,0x00000000d6b00000,0x00000000d6b00000)
  from space 2560K, 80% used [0x00000000d6b80000,0x00000000d6d80010,0x00000000d6e00000)
  to   space 2048K, 0% used [0x00000000d6e00000,0x00000000d6e00000,0x00000000d7000000)
 ParOldGen       total 68608K, used 25278K [0x0000000080000000, 0x0000000084300000, 0x00000000d5580000)
  object space 68608K, 36% used [0x0000000080000000,0x00000000818afad0,0x0000000084300000)
 Metaspace       used 41159K, committed 42368K, reserved 1114112K
  class space    used 4343K, committed 4864K, reserved 1048576K
}
Event: 12.923 GC heap after
{Heap after GC invocations=20 (full 2):
 PSYoungGen      total 22016K, used 2016K [0x00000000d5580000, 0x00000000d7500000, 0x0000000100000000)
  eden space 19968K, 0% used [0x00000000d5580000,0x00000000d5580000,0x00000000d6900000)
  from space 2048K, 98% used [0x00000000d6e00000,0x00000000d6ff83f0,0x00000000d7000000)
  to   space 5120K, 0% used [0x00000000d6900000,0x00000000d6900000,0x00000000d6e00000)
 ParOldGen       total 68608K, used 27606K [0x0000000080000000, 0x0000000084300000, 0x00000000d5580000)
  object space 68608K, 40% used [0x0000000080000000,0x0000000081af5ae0,0x0000000084300000)
 Metaspace       used 41159K, committed 42368K, reserved 1114112K
  class space    used 4343K, committed 4864K, reserved 1048576K
}
Event: 13.107 GC heap before
{Heap before GC invocations=21 (full 2):
 PSYoungGen      total 22016K, used 21984K [0x00000000d5580000, 0x00000000d7500000, 0x0000000100000000)
  eden space 19968K, 100% used [0x00000000d5580000,0x00000000d6900000,0x00000000d6900000)
  from space 2048K, 98% used [0x00000000d6e00000,0x00000000d6ff83f0,0x00000000d7000000)
  to   space 5120K, 0% used [0x00000000d6900000,0x00000000d6900000,0x00000000d6e00000)
 ParOldGen       total 68608K, used 27606K [0x0000000080000000, 0x0000000084300000, 0x00000000d5580000)
  object space 68608K, 40% used [0x0000000080000000,0x0000000081af5ae0,0x0000000084300000)
 Metaspace       used 41722K, committed 42944K, reserved 1114112K
  class space    used 4413K, committed 4928K, reserved 1048576K
}
Event: 13.113 GC heap after
{Heap after GC invocations=21 (full 2):
 PSYoungGen      total 22016K, used 1888K [0x00000000d5580000, 0x00000000d6f00000, 0x0000000100000000)
  eden space 19968K, 0% used [0x00000000d5580000,0x00000000d5580000,0x00000000d6900000)
  from space 2048K, 92% used [0x00000000d6900000,0x00000000d6ad8000,0x00000000d6b00000)
  to   space 3072K, 0% used [0x00000000d6c00000,0x00000000d6c00000,0x00000000d6f00000)
 ParOldGen       total 68608K, used 29596K [0x0000000080000000, 0x0000000084300000, 0x00000000d5580000)
  object space 68608K, 43% used [0x0000000080000000,0x0000000081ce73b0,0x0000000084300000)
 Metaspace       used 41722K, committed 42944K, reserved 1114112K
  class space    used 4413K, committed 4928K, reserved 1048576K
}
Event: 13.255 GC heap before
{Heap before GC invocations=22 (full 2):
 PSYoungGen      total 22016K, used 21856K [0x00000000d5580000, 0x00000000d6f00000, 0x0000000100000000)
  eden space 19968K, 100% used [0x00000000d5580000,0x00000000d6900000,0x00000000d6900000)
  from space 2048K, 92% used [0x00000000d6900000,0x00000000d6ad8000,0x00000000d6b00000)
  to   space 3072K, 0% used [0x00000000d6c00000,0x00000000d6c00000,0x00000000d6f00000)
 ParOldGen       total 68608K, used 29596K [0x0000000080000000, 0x0000000084300000, 0x00000000d5580000)
  object space 68608K, 43% used [0x0000000080000000,0x0000000081ce73b0,0x0000000084300000)
 Metaspace       used 42293K, committed 43520K, reserved 1114112K
  class space    used 4493K, committed 5056K, reserved 1048576K
}
Event: 13.262 GC heap after
{Heap after GC invocations=22 (full 2):
 PSYoungGen      total 22016K, used 1847K [0x00000000d5580000, 0x00000000d6e00000, 0x0000000100000000)
  eden space 19968K, 0% used [0x00000000d5580000,0x00000000d5580000,0x00000000d6900000)
  from space 2048K, 90% used [0x00000000d6c00000,0x00000000d6dcde50,0x00000000d6e00000)
  to   space 2048K, 0% used [0x00000000d6900000,0x00000000d6900000,0x00000000d6b00000)
 ParOldGen       total 68608K, used 31265K [0x0000000080000000, 0x0000000084300000, 0x00000000d5580000)
  object space 68608K, 45% used [0x0000000080000000,0x0000000081e88648,0x0000000084300000)
 Metaspace       used 42293K, committed 43520K, reserved 1114112K
  class space    used 4493K, committed 5056K, reserved 1048576K
}
Event: 13.406 GC heap before
{Heap before GC invocations=23 (full 2):
 PSYoungGen      total 22016K, used 21815K [0x00000000d5580000, 0x00000000d6e00000, 0x0000000100000000)
  eden space 19968K, 100% used [0x00000000d5580000,0x00000000d6900000,0x00000000d6900000)
  from space 2048K, 90% used [0x00000000d6c00000,0x00000000d6dcde50,0x00000000d6e00000)
  to   space 2048K, 0% used [0x00000000d6900000,0x00000000d6900000,0x00000000d6b00000)
 ParOldGen       total 68608K, used 31265K [0x0000000080000000, 0x0000000084300000, 0x00000000d5580000)
  object space 68608K, 45% used [0x0000000080000000,0x0000000081e88648,0x0000000084300000)
 Metaspace       used 42963K, committed 44224K, reserved 1114112K
  class space    used 4573K, committed 5120K, reserved 1048576K
}
Event: 13.416 GC heap after
{Heap after GC invocations=23 (full 2):
 PSYoungGen      total 22016K, used 1683K [0x00000000d5580000, 0x00000000d6d00000, 0x0000000100000000)
  eden space 19968K, 0% used [0x00000000d5580000,0x00000000d5580000,0x00000000d6900000)
  from space 2048K, 82% used [0x00000000d6900000,0x00000000d6aa4c80,0x00000000d6b00000)
  to   space 2048K, 0% used [0x00000000d6b00000,0x00000000d6b00000,0x00000000d6d00000)
 ParOldGen       total 68608K, used 32839K [0x0000000080000000, 0x0000000084300000, 0x00000000d5580000)
  object space 68608K, 47% used [0x0000000080000000,0x0000000082011c70,0x0000000084300000)
 Metaspace       used 42963K, committed 44224K, reserved 1114112K
  class space    used 4573K, committed 5120K, reserved 1048576K
}
Event: 13.597 GC heap before
{Heap before GC invocations=24 (full 2):
 PSYoungGen      total 22016K, used 21646K [0x00000000d5580000, 0x00000000d6d00000, 0x0000000100000000)
  eden space 19968K, 99% used [0x00000000d5580000,0x00000000d68fef48,0x00000000d6900000)
  from space 2048K, 82% used [0x00000000d6900000,0x00000000d6aa4c80,0x00000000d6b00000)
  to   space 2048K, 0% used [0x00000000d6b00000,0x00000000d6b00000,0x00000000d6d00000)
 ParOldGen       total 68608K, used 32839K [0x0000000080000000, 0x0000000084300000, 0x00000000d5580000)
  object space 68608K, 47% used [0x0000000080000000,0x0000000082011c70,0x0000000084300000)
 Metaspace       used 43484K, committed 44736K, reserved 1114112K
  class space    used 4596K, committed 5120K, reserved 1048576K
}
Event: 13.604 GC heap after
{Heap after GC invocations=24 (full 2):
 PSYoungGen      total 21504K, used 2017K [0x00000000d5580000, 0x00000000d6e00000, 0x0000000100000000)
  eden space 19456K, 0% used [0x00000000d5580000,0x00000000d5580000,0x00000000d6880000)
  from space 2048K, 98% used [0x00000000d6b00000,0x00000000d6cf8748,0x00000000d6d00000)
  to   space 2560K, 0% used [0x00000000d6880000,0x00000000d6880000,0x00000000d6b00000)
 ParOldGen       total 68608K, used 34217K [0x0000000080000000, 0x0000000084300000, 0x00000000d5580000)
  object space 68608K, 49% used [0x0000000080000000,0x000000008216a4c8,0x0000000084300000)
 Metaspace       used 43484K, committed 44736K, reserved 1114112K
  class space    used 4596K, committed 5120K, reserved 1048576K
}
Event: 13.766 GC heap before
{Heap before GC invocations=25 (full 2):
 PSYoungGen      total 21504K, used 21473K [0x00000000d5580000, 0x00000000d6e00000, 0x0000000100000000)
  eden space 19456K, 100% used [0x00000000d5580000,0x00000000d6880000,0x00000000d6880000)
  from space 2048K, 98% used [0x00000000d6b00000,0x00000000d6cf8748,0x00000000d6d00000)
  to   space 2560K, 0% used [0x00000000d6880000,0x00000000d6880000,0x00000000d6b00000)
 ParOldGen       total 68608K, used 34217K [0x0000000080000000, 0x0000000084300000, 0x00000000d5580000)
  object space 68608K, 49% used [0x0000000080000000,0x000000008216a4c8,0x0000000084300000)
 Metaspace       used 43822K, committed 45056K, reserved 1114112K
  class space    used 4639K, committed 5184K, reserved 1048576K
}
Event: 13.773 GC heap after
{Heap after GC invocations=25 (full 2):
 PSYoungGen      total 21504K, used 1771K [0x00000000d5580000, 0x00000000d6c80000, 0x0000000100000000)
  eden space 19456K, 0% used [0x00000000d5580000,0x00000000d5580000,0x00000000d6880000)
  from space 2048K, 86% used [0x00000000d6880000,0x00000000d6a3ad70,0x00000000d6a80000)
  to   space 2048K, 0% used [0x00000000d6a80000,0x00000000d6a80000,0x00000000d6c80000)
 ParOldGen       total 68608K, used 35886K [0x0000000080000000, 0x0000000084300000, 0x00000000d5580000)
  object space 68608K, 52% used [0x0000000080000000,0x000000008230b9a0,0x0000000084300000)
 Metaspace       used 43822K, committed 45056K, reserved 1114112K
  class space    used 4639K, committed 5184K, reserved 1048576K
}
Event: 13.976 GC heap before
{Heap before GC invocations=26 (full 2):
 PSYoungGen      total 21504K, used 21226K [0x00000000d5580000, 0x00000000d6c80000, 0x0000000100000000)
  eden space 19456K, 99% used [0x00000000d5580000,0x00000000d687fc08,0x00000000d6880000)
  from space 2048K, 86% used [0x00000000d6880000,0x00000000d6a3ad70,0x00000000d6a80000)
  to   space 2048K, 0% used [0x00000000d6a80000,0x00000000d6a80000,0x00000000d6c80000)
 ParOldGen       total 68608K, used 35886K [0x0000000080000000, 0x0000000084300000, 0x00000000d5580000)
  object space 68608K, 52% used [0x0000000080000000,0x000000008230b9a0,0x0000000084300000)
 Metaspace       used 44314K, committed 45568K, reserved 1114112K
  class space    used 4695K, committed 5248K, reserved 1048576K
}
Event: 13.981 GC heap after
{Heap after GC invocations=26 (full 2):
 PSYoungGen      total 21504K, used 1792K [0x00000000d5580000, 0x00000000d6c80000, 0x0000000100000000)
  eden space 19456K, 0% used [0x00000000d5580000,0x00000000d5580000,0x00000000d6880000)
  from space 2048K, 87% used [0x00000000d6a80000,0x00000000d6c40020,0x00000000d6c80000)
  to   space 2048K, 0% used [0x00000000d6880000,0x00000000d6880000,0x00000000d6a80000)
 ParOldGen       total 68608K, used 37505K [0x0000000080000000, 0x0000000084300000, 0x00000000d5580000)
  object space 68608K, 54% used [0x0000000080000000,0x00000000824a0468,0x0000000084300000)
 Metaspace       used 44314K, committed 45568K, reserved 1114112K
  class space    used 4695K, committed 5248K, reserved 1048576K
}
Event: 15.220 GC heap before
{Heap before GC invocations=27 (full 2):
 PSYoungGen      total 21504K, used 21248K [0x00000000d5580000, 0x00000000d6c80000, 0x0000000100000000)
  eden space 19456K, 100% used [0x00000000d5580000,0x00000000d6880000,0x00000000d6880000)
  from space 2048K, 87% used [0x00000000d6a80000,0x00000000d6c40020,0x00000000d6c80000)
  to   space 2048K, 0% used [0x00000000d6880000,0x00000000d6880000,0x00000000d6a80000)
 ParOldGen       total 68608K, used 37505K [0x0000000080000000, 0x0000000084300000, 0x00000000d5580000)
  object space 68608K, 54% used [0x0000000080000000,0x00000000824a0468,0x0000000084300000)
 Metaspace       used 46516K, committed 47872K, reserved 1114112K
  class space    used 4965K, committed 5568K, reserved 1048576K
}
Event: 15.228 GC heap after
{Heap after GC invocations=27 (full 2):
 PSYoungGen      total 21504K, used 1440K [0x00000000d5580000, 0x00000000d6c80000, 0x0000000100000000)
  eden space 19456K, 0% used [0x00000000d5580000,0x00000000d5580000,0x00000000d6880000)
  from space 2048K, 70% used [0x00000000d6880000,0x00000000d69e8000,0x00000000d6a80000)
  to   space 2048K, 0% used [0x00000000d6a80000,0x00000000d6a80000,0x00000000d6c80000)
 ParOldGen       total 68608K, used 39097K [0x0000000080000000, 0x0000000084300000, 0x00000000d5580000)
  object space 68608K, 56% used [0x0000000080000000,0x000000008262e4c0,0x0000000084300000)
 Metaspace       used 46516K, committed 47872K, reserved 1114112K
  class space    used 4965K, committed 5568K, reserved 1048576K
}
Event: 16.757 GC heap before
{Heap before GC invocations=28 (full 2):
 PSYoungGen      total 21504K, used 20896K [0x00000000d5580000, 0x00000000d6c80000, 0x0000000100000000)
  eden space 19456K, 100% used [0x00000000d5580000,0x00000000d6880000,0x00000000d6880000)
  from space 2048K, 70% used [0x00000000d6880000,0x00000000d69e8000,0x00000000d6a80000)
  to   space 2048K, 0% used [0x00000000d6a80000,0x00000000d6a80000,0x00000000d6c80000)
 ParOldGen       total 68608K, used 39097K [0x0000000080000000, 0x0000000084300000, 0x00000000d5580000)
  object space 68608K, 56% used [0x0000000080000000,0x000000008262e4c0,0x0000000084300000)
 Metaspace       used 48743K, committed 50112K, reserved 1114112K
  class space    used 5271K, committed 5888K, reserved 1048576K
}
Event: 16.763 GC heap after
{Heap after GC invocations=28 (full 2):
 PSYoungGen      total 20992K, used 1408K [0x00000000d5580000, 0x00000000d6c00000, 0x0000000100000000)
  eden space 19456K, 0% used [0x00000000d5580000,0x00000000d5580000,0x00000000d6880000)
  from space 1536K, 91% used [0x00000000d6a80000,0x00000000d6be0000,0x00000000d6c00000)
  to   space 1536K, 0% used [0x00000000d6900000,0x00000000d6900000,0x00000000d6a80000)
 ParOldGen       total 68608K, used 40328K [0x0000000080000000, 0x0000000084300000, 0x00000000d5580000)
  object space 68608K, 58% used [0x0000000080000000,0x00000000827621c0,0x0000000084300000)
 Metaspace       used 48743K, committed 50112K, reserved 1114112K
  class space    used 5271K, committed 5888K, reserved 1048576K
}

