# JRE version: OpenJDK Runtime Environment Temurin-21.0.11+10 (21.0.11+10) (build 21.0.11+10-LTS)
# Java VM: OpenJDK 64-Bit Server VM Temurin-21.0.11+10 (21.0.11+10-LTS, mixed mode, sharing, tiered, compressed oops, compressed class ptrs, parallel gc, windows-amd64)
GC Precious Log:
 CardTable entry size: 512
 CPUs: 16 total, 16 available
 Memory: 16068M
 Large Page Support: Disabled
 NUMA Support: Disabled
 Compressed Oops: Enabled (32-bit)
 Alignments: Space 512K, Generation 512K, Heap 2M
 Heap Min Capacity: 100M
 Heap Initial Capacity: 100M
 Heap Max Capacity: 2G
 Pre-touch: Disabled
 Parallel Workers: 13
Heap:
 PSYoungGen      total 13312K, used 8145K [0x00000000d5580000, 0x00000000d6900000, 0x0000000100000000)
  eden space 12800K, 59% used [0x00000000d5580000,0x00000000d5cf45d8,0x00000000d6200000)
  from space 512K, 100% used [0x00000000d6580000,0x00000000d6600000,0x00000000d6600000)
  to   space 3584K, 0% used [0x00000000d6200000,0x00000000d6200000,0x00000000d6580000)
 ParOldGen       total 143872K, used 143652K [0x0000000080000000, 0x0000000088c80000, 0x00000000d5580000)
  object space 143872K, 99% used [0x0000000080000000,0x0000000088c49398,0x0000000088c80000)
 Metaspace       used 75861K, committed 77504K, reserved 1179648K
  class space    used 8018K, committed 8768K, reserved 1048576K
GC Heap History (20 events):
Event: 25.354 GC heap before
{Heap before GC invocations=166 (full 3):
 PSYoungGen      total 14848K, used 14845K [0x00000000d5580000, 0x00000000d7080000, 0x0000000100000000)
  eden space 12800K, 100% used [0x00000000d5580000,0x00000000d6200000,0x00000000d6200000)
  from space 2048K, 99% used [0x00000000d6900000,0x00000000d6aff6d8,0x00000000d6b00000)
  to   space 7168K, 0% used [0x00000000d6200000,0x00000000d6200000,0x00000000d6900000)
 ParOldGen       total 135680K, used 135387K [0x0000000080000000, 0x0000000088480000, 0x00000000d5580000)
  object space 135680K, 99% used [0x0000000080000000,0x0000000088436f20,0x0000000088480000)
 Metaspace       used 70644K, committed 72256K, reserved 1114112K
  class space    used 7368K, committed 8064K, reserved 1048576K
}
Event: 25.355 GC heap after
{Heap after GC invocations=166 (full 3):
 PSYoungGen      total 17408K, used 4449K [0x00000000d5580000, 0x00000000d6c00000, 0x0000000100000000)
  eden space 12800K, 0% used [0x00000000d5580000,0x00000000d5580000,0x00000000d6200000)
  from space 4608K, 96% used [0x00000000d6200000,0x00000000d6658520,0x00000000d6680000)
  to   space 5120K, 0% used [0x00000000d6700000,0x00000000d6700000,0x00000000d6c00000)
 ParOldGen       total 137728K, used 137444K [0x0000000080000000, 0x0000000088680000, 0x00000000d5580000)
  object space 137728K, 99% used [0x0000000080000000,0x00000000886391a0,0x0000000088680000)
 Metaspace       used 70644K, committed 72256K, reserved 1114112K
  class space    used 7368K, committed 8064K, reserved 1048576K
}
Event: 25.699 GC heap before
{Heap before GC invocations=167 (full 3):
 PSYoungGen      total 17408K, used 17249K [0x00000000d5580000, 0x00000000d6c00000, 0x0000000100000000)
  eden space 12800K, 100% used [0x00000000d5580000,0x00000000d6200000,0x00000000d6200000)
  from space 4608K, 96% used [0x00000000d6200000,0x00000000d6658520,0x00000000d6680000)
  to   space 5120K, 0% used [0x00000000d6700000,0x00000000d6700000,0x00000000d6c00000)
 ParOldGen       total 137728K, used 137444K [0x0000000080000000, 0x0000000088680000, 0x00000000d5580000)
  object space 137728K, 99% used [0x0000000080000000,0x00000000886391a0,0x0000000088680000)
 Metaspace       used 71070K, committed 72704K, reserved 1114112K
  class space    used 7436K, committed 8128K, reserved 1048576K
}
Event: 25.703 GC heap after
{Heap after GC invocations=167 (full 3):
 PSYoungGen      total 14336K, used 1248K [0x00000000d5580000, 0x00000000d6880000, 0x0000000100000000)
  eden space 12800K, 0% used [0x00000000d5580000,0x00000000d5580000,0x00000000d6200000)
  from space 1536K, 81% used [0x00000000d6700000,0x00000000d6838000,0x00000000d6880000)
  to   space 2560K, 0% used [0x00000000d6380000,0x00000000d6380000,0x00000000d6600000)
 ParOldGen       total 138240K, used 137828K [0x0000000080000000, 0x0000000088700000, 0x00000000d5580000)
  object space 138240K, 99% used [0x0000000080000000,0x00000000886991a0,0x0000000088700000)
 Metaspace       used 71070K, committed 72704K, reserved 1114112K
  class space    used 7436K, committed 8128K, reserved 1048576K
}
Event: 26.029 GC heap before
{Heap before GC invocations=168 (full 3):
 PSYoungGen      total 14336K, used 14048K [0x00000000d5580000, 0x00000000d6880000, 0x0000000100000000)
  eden space 12800K, 100% used [0x00000000d5580000,0x00000000d6200000,0x00000000d6200000)
  from space 1536K, 81% used [0x00000000d6700000,0x00000000d6838000,0x00000000d6880000)
  to   space 2560K, 0% used [0x00000000d6380000,0x00000000d6380000,0x00000000d6600000)
 ParOldGen       total 138240K, used 137828K [0x0000000080000000, 0x0000000088700000, 0x00000000d5580000)
  object space 138240K, 99% used [0x0000000080000000,0x00000000886991a0,0x0000000088700000)
 Metaspace       used 71683K, committed 73280K, reserved 1114112K
  class space    used 7516K, committed 8192K, reserved 1048576K
}
Event: 26.031 GC heap after
{Heap after GC invocations=168 (full 3):
 PSYoungGen      total 15360K, used 928K [0x00000000d5580000, 0x00000000d6780000, 0x0000000100000000)
  eden space 12800K, 0% used [0x00000000d5580000,0x00000000d5580000,0x00000000d6200000)
  from space 2560K, 36% used [0x00000000d6380000,0x00000000d6468000,0x00000000d6600000)
  to   space 1536K, 0% used [0x00000000d6600000,0x00000000d6600000,0x00000000d6780000)
 ParOldGen       total 139264K, used 138847K [0x0000000080000000, 0x0000000088800000, 0x00000000d5580000)
  object space 139264K, 99% used [0x0000000080000000,0x0000000088797c48,0x0000000088800000)
 Metaspace       used 71683K, committed 73280K, reserved 1114112K
  class space    used 7516K, committed 8192K, reserved 1048576K
}
Event: 26.361 GC heap before
{Heap before GC invocations=169 (full 3):
 PSYoungGen      total 15360K, used 13728K [0x00000000d5580000, 0x00000000d6780000, 0x0000000100000000)
  eden space 12800K, 100% used [0x00000000d5580000,0x00000000d6200000,0x00000000d6200000)
  from space 2560K, 36% used [0x00000000d6380000,0x00000000d6468000,0x00000000d6600000)
  to   space 1536K, 0% used [0x00000000d6600000,0x00000000d6600000,0x00000000d6780000)
 ParOldGen       total 139264K, used 138847K [0x0000000080000000, 0x0000000088800000, 0x00000000d5580000)
  object space 139264K, 99% used [0x0000000080000000,0x0000000088797c48,0x0000000088800000)
 Metaspace       used 72075K, committed 73600K, reserved 1114112K
  class space    used 7550K, committed 8256K, reserved 1048576K
}
Event: 26.362 GC heap after
{Heap after GC invocations=169 (full 3):
 PSYoungGen      total 13824K, used 544K [0x00000000d5580000, 0x00000000d6700000, 0x0000000100000000)
  eden space 12800K, 0% used [0x00000000d5580000,0x00000000d5580000,0x00000000d6200000)
  from space 1024K, 53% used [0x00000000d6600000,0x00000000d6688000,0x00000000d6700000)
  to   space 1024K, 0% used [0x00000000d6500000,0x00000000d6500000,0x00000000d6600000)
 ParOldGen       total 139776K, used 139589K [0x0000000080000000, 0x0000000088880000, 0x00000000d5580000)
  object space 139776K, 99% used [0x0000000080000000,0x00000000888514b0,0x0000000088880000)
 Metaspace       used 72075K, committed 73600K, reserved 1114112K
  class space    used 7550K, committed 8256K, reserved 1048576K
}
Event: 26.473 GC heap before
{Heap before GC invocations=170 (full 3):
 PSYoungGen      total 13824K, used 13344K [0x00000000d5580000, 0x00000000d6700000, 0x0000000100000000)
  eden space 12800K, 100% used [0x00000000d5580000,0x00000000d6200000,0x00000000d6200000)
  from space 1024K, 53% used [0x00000000d6600000,0x00000000d6688000,0x00000000d6700000)
  to   space 1024K, 0% used [0x00000000d6500000,0x00000000d6500000,0x00000000d6600000)
 ParOldGen       total 139776K, used 139589K [0x0000000080000000, 0x0000000088880000, 0x00000000d5580000)
  object space 139776K, 99% used [0x0000000080000000,0x00000000888514b0,0x0000000088880000)
 Metaspace       used 72077K, committed 73600K, reserved 1114112K
  class space    used 7550K, committed 8256K, reserved 1048576K
}
Event: 26.474 GC heap after
{Heap after GC invocations=170 (full 3):
 PSYoungGen      total 13824K, used 288K [0x00000000d5580000, 0x00000000d6680000, 0x0000000100000000)
  eden space 12800K, 0% used [0x00000000d5580000,0x00000000d5580000,0x00000000d6200000)
  from space 1024K, 28% used [0x00000000d6500000,0x00000000d6548000,0x00000000d6600000)
  to   space 512K, 0% used [0x00000000d6600000,0x00000000d6600000,0x00000000d6680000)
 ParOldGen       total 140288K, used 139929K [0x0000000080000000, 0x0000000088900000, 0x00000000d5580000)
  object space 140288K, 99% used [0x0000000080000000,0x00000000888a64c0,0x0000000088900000)
 Metaspace       used 72077K, committed 73600K, reserved 1114112K
  class space    used 7550K, committed 8256K, reserved 1048576K
}
Event: 26.887 GC heap before
{Heap before GC invocations=171 (full 3):
 PSYoungGen      total 13824K, used 13088K [0x00000000d5580000, 0x00000000d6680000, 0x0000000100000000)
  eden space 12800K, 100% used [0x00000000d5580000,0x00000000d6200000,0x00000000d6200000)
  from space 1024K, 28% used [0x00000000d6500000,0x00000000d6548000,0x00000000d6600000)
  to   space 512K, 0% used [0x00000000d6600000,0x00000000d6600000,0x00000000d6680000)
 ParOldGen       total 140288K, used 139929K [0x0000000080000000, 0x0000000088900000, 0x00000000d5580000)
  object space 140288K, 99% used [0x0000000080000000,0x00000000888a64c0,0x0000000088900000)
 Metaspace       used 73514K, committed 75136K, reserved 1179648K
  class space    used 7705K, committed 8448K, reserved 1048576K
}
Event: 26.888 GC heap after
{Heap after GC invocations=171 (full 3):
 PSYoungGen      total 13312K, used 497K [0x00000000d5580000, 0x00000000d6680000, 0x0000000100000000)
  eden space 12800K, 0% used [0x00000000d5580000,0x00000000d5580000,0x00000000d6200000)
  from space 512K, 97% used [0x00000000d6600000,0x00000000d667c5a8,0x00000000d6680000)
  to   space 1024K, 0% used [0x00000000d6480000,0x00000000d6480000,0x00000000d6580000)
 ParOldGen       total 140288K, used 140089K [0x0000000080000000, 0x0000000088900000, 0x00000000d5580000)
  object space 140288K, 99% used [0x0000000080000000,0x00000000888ce4e0,0x0000000088900000)
 Metaspace       used 73514K, committed 75136K, reserved 1179648K
  class space    used 7705K, committed 8448K, reserved 1048576K
}
Event: 27.015 GC heap before
{Heap before GC invocations=172 (full 3):
 PSYoungGen      total 13312K, used 13293K [0x00000000d5580000, 0x00000000d6680000, 0x0000000100000000)
  eden space 12800K, 99% used [0x00000000d5580000,0x00000000d61fee58,0x00000000d6200000)
  from space 512K, 97% used [0x00000000d6600000,0x00000000d667c5a8,0x00000000d6680000)
  to   space 1024K, 0% used [0x00000000d6480000,0x00000000d6480000,0x00000000d6580000)
 ParOldGen       total 140288K, used 140089K [0x0000000080000000, 0x0000000088900000, 0x00000000d5580000)
  object space 140288K, 99% used [0x0000000080000000,0x00000000888ce4e0,0x0000000088900000)
 Metaspace       used 74871K, committed 76416K, reserved 1179648K
  class space    used 7932K, committed 8640K, reserved 1048576K
}
Event: 27.016 GC heap after
{Heap after GC invocations=172 (full 3):
 PSYoungGen      total 13824K, used 496K [0x00000000d5580000, 0x00000000d6680000, 0x0000000100000000)
  eden space 12800K, 0% used [0x00000000d5580000,0x00000000d5580000,0x00000000d6200000)
  from space 1024K, 48% used [0x00000000d6480000,0x00000000d64fc010,0x00000000d6580000)
  to   space 1024K, 0% used [0x00000000d6580000,0x00000000d6580000,0x00000000d6680000)
 ParOldGen       total 140800K, used 140424K [0x0000000080000000, 0x0000000088980000, 0x00000000d5580000)
  object space 140800K, 99% used [0x0000000080000000,0x00000000889220a0,0x0000000088980000)
 Metaspace       used 74871K, committed 76416K, reserved 1179648K
  class space    used 7932K, committed 8640K, reserved 1048576K
}
Event: 28.124 GC heap before
{Heap before GC invocations=173 (full 3):
 PSYoungGen      total 13824K, used 13296K [0x00000000d5580000, 0x00000000d6680000, 0x0000000100000000)
  eden space 12800K, 100% used [0x00000000d5580000,0x00000000d6200000,0x00000000d6200000)
  from space 1024K, 48% used [0x00000000d6480000,0x00000000d64fc010,0x00000000d6580000)
  to   space 1024K, 0% used [0x00000000d6580000,0x00000000d6580000,0x00000000d6680000)
 ParOldGen       total 140800K, used 140424K [0x0000000080000000, 0x0000000088980000, 0x00000000d5580000)
  object space 140800K, 99% used [0x0000000080000000,0x00000000889220a0,0x0000000088980000)
 Metaspace       used 75264K, committed 76864K, reserved 1179648K
  class space    used 7976K, committed 8704K, reserved 1048576K
}
Event: 28.125 GC heap after
{Heap after GC invocations=173 (full 3):
 PSYoungGen      total 13824K, used 868K [0x00000000d5580000, 0x00000000d6680000, 0x0000000100000000)
  eden space 12800K, 0% used [0x00000000d5580000,0x00000000d5580000,0x00000000d6200000)
  from space 1024K, 84% used [0x00000000d6580000,0x00000000d6659230,0x00000000d6680000)
  to   space 1024K, 0% used [0x00000000d6480000,0x00000000d6480000,0x00000000d6580000)
 ParOldGen       total 140800K, used 140680K [0x0000000080000000, 0x0000000088980000, 0x00000000d5580000)
  object space 140800K, 99% used [0x0000000080000000,0x00000000889620e0,0x0000000088980000)
 Metaspace       used 75264K, committed 76864K, reserved 1179648K
  class space    used 7976K, committed 8704K, reserved 1048576K
}
Event: 28.487 GC heap before
{Heap before GC invocations=174 (full 3):
 PSYoungGen      total 13824K, used 13668K [0x00000000d5580000, 0x00000000d6680000, 0x0000000100000000)
  eden space 12800K, 100% used [0x00000000d5580000,0x00000000d6200000,0x00000000d6200000)
  from space 1024K, 84% used [0x00000000d6580000,0x00000000d6659230,0x00000000d6680000)
  to   space 1024K, 0% used [0x00000000d6480000,0x00000000d6480000,0x00000000d6580000)
 ParOldGen       total 140800K, used 140680K [0x0000000080000000, 0x0000000088980000, 0x00000000d5580000)
  object space 140800K, 99% used [0x0000000080000000,0x00000000889620e0,0x0000000088980000)
 Metaspace       used 75332K, committed 76992K, reserved 1179648K
  class space    used 7978K, committed 8704K, reserved 1048576K
}
Event: 28.489 GC heap after
{Heap after GC invocations=174 (full 3):
 PSYoungGen      total 13824K, used 880K [0x00000000d5580000, 0x00000000d6600000, 0x0000000100000000)
  eden space 12800K, 0% used [0x00000000d5580000,0x00000000d5580000,0x00000000d6200000)
  from space 1024K, 85% used [0x00000000d6480000,0x00000000d655c010,0x00000000d6580000)
  to   space 512K, 0% used [0x00000000d6580000,0x00000000d6580000,0x00000000d6600000)
 ParOldGen       total 141824K, used 141338K [0x0000000080000000, 0x0000000088a80000, 0x00000000d5580000)
  object space 141824K, 99% used [0x0000000080000000,0x0000000088a06808,0x0000000088a80000)
 Metaspace       used 75332K, committed 76992K, reserved 1179648K
  class space    used 7978K, committed 8704K, reserved 1048576K
}
Event: 43.089 GC heap before
{Heap before GC invocations=175 (full 3):
 PSYoungGen      total 13824K, used 13680K [0x00000000d5580000, 0x00000000d6600000, 0x0000000100000000)
  eden space 12800K, 100% used [0x00000000d5580000,0x00000000d6200000,0x00000000d6200000)
  from space 1024K, 85% used [0x00000000d6480000,0x00000000d655c010,0x00000000d6580000)
  to   space 512K, 0% used [0x00000000d6580000,0x00000000d6580000,0x00000000d6600000)
 ParOldGen       total 141824K, used 141338K [0x0000000080000000, 0x0000000088a80000, 0x00000000d5580000)
  object space 141824K, 99% used [0x0000000080000000,0x0000000088a06808,0x0000000088a80000)
 Metaspace       used 75697K, committed 77312K, reserved 1179648K
  class space    used 8010K, committed 8704K, reserved 1048576K
}
Event: 43.092 GC heap after
{Heap after GC invocations=175 (full 3):
 PSYoungGen      total 13312K, used 512K [0x00000000d5580000, 0x00000000d6900000, 0x0000000100000000)
  eden space 12800K, 0% used [0x00000000d5580000,0x00000000d5580000,0x00000000d6200000)
  from space 512K, 100% used [0x00000000d6580000,0x00000000d6600000,0x00000000d6600000)
  to   space 3584K, 0% used [0x00000000d6200000,0x00000000d6200000,0x00000000d6580000)
 ParOldGen       total 143872K, used 143652K [0x0000000080000000, 0x0000000088c80000, 0x00000000d5580000)
  object space 143872K, 99% used [0x0000000080000000,0x0000000088c49398,0x0000000088c80000)
 Metaspace       used 75697K, committed 77312K, reserved 1179648K
  class space    used 8010K, committed 8704K, reserved 1048576K
}

