GC Precious Log:
 CardTable entry size: 512
 CPUs: 16 total, 16 available
 Memory: 16068M
 Large Page Support: Disabled
 NUMA Support: Disabled
 Compressed Oops: Enabled (32-bit)
 Alignments: Space 512K, Generation 512K, Heap 2M
 Heap Min Capacity: 100M
 Heap Initial Capacity: 100M
 Heap Max Capacity: 2G
 Pre-touch: Disabled
 Parallel Workers: 13
Heap:
 PSYoungGen      total 12800K, used 6841K [0x00000000d5580000, 0x00000000d6300000, 0x0000000100000000)
  eden space 12288K, 51% used [0x00000000d5580000,0x00000000d5bba540,0x00000000d6180000)
  from space 512K, 90% used [0x00000000d6280000,0x00000000d62f4010,0x00000000d6300000)
  to   space 512K, 0% used [0x00000000d6200000,0x00000000d6200000,0x00000000d6280000)
 ParOldGen       total 102912K, used 102865K [0x0000000080000000, 0x0000000086480000, 0x00000000d5580000)
  object space 102912K, 99% used [0x0000000080000000,0x00000000864744d8,0x0000000086480000)
 Metaspace       used 62556K, committed 64000K, reserved 1114112K
  class space    used 6605K, committed 7232K, reserved 1048576K
GC Heap History (20 events):
Event: 29.639 GC heap before
{Heap before GC invocations=146 (full 3):
 PSYoungGen      total 12800K, used 12704K [0x00000000d5580000, 0x00000000d6400000, 0x0000000100000000)
  eden space 12288K, 100% used [0x00000000d5580000,0x00000000d6180000,0x00000000d6180000)
  from space 512K, 81% used [0x00000000d6380000,0x00000000d63e8000,0x00000000d6400000)
  to   space 512K, 0% used [0x00000000d6300000,0x00000000d6300000,0x00000000d6380000)
 ParOldGen       total 99328K, used 99029K [0x0000000080000000, 0x0000000086100000, 0x00000000d5580000)
  object space 99328K, 99% used [0x0000000080000000,0x00000000860b5508,0x0000000086100000)
 Metaspace       used 61484K, committed 62912K, reserved 1114112K
  class space    used 6482K, committed 7104K, reserved 1048576K
}
Event: 29.641 GC heap after
{Heap after GC invocations=146 (full 3):
 PSYoungGen      total 12800K, used 512K [0x00000000d5580000, 0x00000000d6400000, 0x0000000100000000)
  eden space 12288K, 0% used [0x00000000d5580000,0x00000000d5580000,0x00000000d6180000)
  from space 512K, 100% used [0x00000000d6300000,0x00000000d6380000,0x00000000d6380000)
  to   space 512K, 0% used [0x00000000d6380000,0x00000000d6380000,0x00000000d6400000)
 ParOldGen       total 99328K, used 99213K [0x0000000080000000, 0x0000000086100000, 0x00000000d5580000)
  object space 99328K, 99% used [0x0000000080000000,0x00000000860e3508,0x0000000086100000)
 Metaspace       used 61484K, committed 62912K, reserved 1114112K
  class space    used 6482K, committed 7104K, reserved 1048576K
}
Event: 29.665 GC heap before
{Heap before GC invocations=147 (full 3):
 PSYoungGen      total 12800K, used 12800K [0x00000000d5580000, 0x00000000d6400000, 0x0000000100000000)
  eden space 12288K, 100% used [0x00000000d5580000,0x00000000d6180000,0x00000000d6180000)
  from space 512K, 100% used [0x00000000d6300000,0x00000000d6380000,0x00000000d6380000)
  to   space 512K, 0% used [0x00000000d6380000,0x00000000d6380000,0x00000000d6400000)
 ParOldGen       total 99328K, used 99213K [0x0000000080000000, 0x0000000086100000, 0x00000000d5580000)
  object space 99328K, 99% used [0x0000000080000000,0x00000000860e3508,0x0000000086100000)
 Metaspace       used 61515K, committed 62976K, reserved 1114112K
  class space    used 6485K, committed 7104K, reserved 1048576K
}
Event: 29.667 GC heap after
{Heap after GC invocations=147 (full 3):
 PSYoungGen      total 12800K, used 448K [0x00000000d5580000, 0x00000000d6400000, 0x0000000100000000)
  eden space 12288K, 0% used [0x00000000d5580000,0x00000000d5580000,0x00000000d6180000)
  from space 512K, 87% used [0x00000000d6380000,0x00000000d63f0000,0x00000000d6400000)
  to   space 512K, 0% used [0x00000000d6300000,0x00000000d6300000,0x00000000d6380000)
 ParOldGen       total 99840K, used 99533K [0x0000000080000000, 0x0000000086180000, 0x00000000d5580000)
  object space 99840K, 99% used [0x0000000080000000,0x0000000086133508,0x0000000086180000)
 Metaspace       used 61515K, committed 62976K, reserved 1114112K
  class space    used 6485K, committed 7104K, reserved 1048576K
}
Event: 31.567 GC heap before
{Heap before GC invocations=148 (full 3):
 PSYoungGen      total 12800K, used 12736K [0x00000000d5580000, 0x00000000d6400000, 0x0000000100000000)
  eden space 12288K, 100% used [0x00000000d5580000,0x00000000d6180000,0x00000000d6180000)
  from space 512K, 87% used [0x00000000d6380000,0x00000000d63f0000,0x00000000d6400000)
  to   space 512K, 0% used [0x00000000d6300000,0x00000000d6300000,0x00000000d6380000)
 ParOldGen       total 99840K, used 99533K [0x0000000080000000, 0x0000000086180000, 0x00000000d5580000)
  object space 99840K, 99% used [0x0000000080000000,0x0000000086133508,0x0000000086180000)
 Metaspace       used 61526K, committed 62976K, reserved 1114112K
  class space    used 6486K, committed 7104K, reserved 1048576K
}
Event: 31.568 GC heap after
{Heap after GC invocations=148 (full 3):
 PSYoungGen      total 12800K, used 352K [0x00000000d5580000, 0x00000000d6400000, 0x0000000100000000)
  eden space 12288K, 0% used [0x00000000d5580000,0x00000000d5580000,0x00000000d6180000)
  from space 512K, 68% used [0x00000000d6300000,0x00000000d6358000,0x00000000d6380000)
  to   space 512K, 0% used [0x00000000d6380000,0x00000000d6380000,0x00000000d6400000)
 ParOldGen       total 99840K, used 99765K [0x0000000080000000, 0x0000000086180000, 0x00000000d5580000)
  object space 99840K, 99% used [0x0000000080000000,0x000000008616d508,0x0000000086180000)
 Metaspace       used 61526K, committed 62976K, reserved 1114112K
  class space    used 6486K, committed 7104K, reserved 1048576K
}
Event: 31.593 GC heap before
{Heap before GC invocations=149 (full 3):
 PSYoungGen      total 12800K, used 12640K [0x00000000d5580000, 0x00000000d6400000, 0x0000000100000000)
  eden space 12288K, 100% used [0x00000000d5580000,0x00000000d6180000,0x00000000d6180000)
  from space 512K, 68% used [0x00000000d6300000,0x00000000d6358000,0x00000000d6380000)
  to   space 512K, 0% used [0x00000000d6380000,0x00000000d6380000,0x00000000d6400000)
 ParOldGen       total 99840K, used 99765K [0x0000000080000000, 0x0000000086180000, 0x00000000d5580000)
  object space 99840K, 99% used [0x0000000080000000,0x000000008616d508,0x0000000086180000)
 Metaspace       used 61545K, committed 63040K, reserved 1114112K
  class space    used 6490K, committed 7104K, reserved 1048576K
}
Event: 31.596 GC heap after
{Heap after GC invocations=149 (full 3):
 PSYoungGen      total 12800K, used 512K [0x00000000d5580000, 0x00000000d6400000, 0x0000000100000000)
  eden space 12288K, 0% used [0x00000000d5580000,0x00000000d5580000,0x00000000d6180000)
  from space 512K, 100% used [0x00000000d6380000,0x00000000d6400000,0x00000000d6400000)
  to   space 1024K, 0% used [0x00000000d6200000,0x00000000d6200000,0x00000000d6300000)
 ParOldGen       total 100352K, used 100069K [0x0000000080000000, 0x0000000086200000, 0x00000000d5580000)
  object space 100352K, 99% used [0x0000000080000000,0x00000000861b9508,0x0000000086200000)
 Metaspace       used 61545K, committed 63040K, reserved 1114112K
  class space    used 6490K, committed 7104K, reserved 1048576K
}
Event: 31.643 GC heap before
{Heap before GC invocations=150 (full 3):
 PSYoungGen      total 12800K, used 12800K [0x00000000d5580000, 0x00000000d6400000, 0x0000000100000000)
  eden space 12288K, 100% used [0x00000000d5580000,0x00000000d6180000,0x00000000d6180000)
  from space 512K, 100% used [0x00000000d6380000,0x00000000d6400000,0x00000000d6400000)
  to   space 1024K, 0% used [0x00000000d6200000,0x00000000d6200000,0x00000000d6300000)
 ParOldGen       total 100352K, used 100069K [0x0000000080000000, 0x0000000086200000, 0x00000000d5580000)
  object space 100352K, 99% used [0x0000000080000000,0x00000000861b9508,0x0000000086200000)
 Metaspace       used 61586K, committed 63104K, reserved 1114112K
  class space    used 6491K, committed 7104K, reserved 1048576K
}
Event: 31.646 GC heap after
{Heap after GC invocations=150 (full 3):
 PSYoungGen      total 13312K, used 992K [0x00000000d5580000, 0x00000000d6480000, 0x0000000100000000)
  eden space 12288K, 0% used [0x00000000d5580000,0x00000000d5580000,0x00000000d6180000)
  from space 1024K, 96% used [0x00000000d6200000,0x00000000d62f8020,0x00000000d6300000)
  to   space 1536K, 0% used [0x00000000d6300000,0x00000000d6300000,0x00000000d6480000)
 ParOldGen       total 100864K, used 100373K [0x0000000080000000, 0x0000000086280000, 0x00000000d5580000)
  object space 100864K, 99% used [0x0000000080000000,0x0000000086205518,0x0000000086280000)
 Metaspace       used 61586K, committed 63104K, reserved 1114112K
  class space    used 6491K, committed 7104K, reserved 1048576K
}
Event: 31.675 GC heap before
{Heap before GC invocations=151 (full 3):
 PSYoungGen      total 13312K, used 13280K [0x00000000d5580000, 0x00000000d6480000, 0x0000000100000000)
  eden space 12288K, 100% used [0x00000000d5580000,0x00000000d6180000,0x00000000d6180000)
  from space 1024K, 96% used [0x00000000d6200000,0x00000000d62f8020,0x00000000d6300000)
  to   space 1536K, 0% used [0x00000000d6300000,0x00000000d6300000,0x00000000d6480000)
 ParOldGen       total 100864K, used 100373K [0x0000000080000000, 0x0000000086280000, 0x00000000d5580000)
  object space 100864K, 99% used [0x0000000080000000,0x0000000086205518,0x0000000086280000)
 Metaspace       used 61626K, committed 63168K, reserved 1114112K
  class space    used 6493K, committed 7104K, reserved 1048576K
}
Event: 31.679 GC heap after
{Heap after GC invocations=151 (full 3):
 PSYoungGen      total 13312K, used 871K [0x00000000d5580000, 0x00000000d6400000, 0x0000000100000000)
  eden space 12288K, 0% used [0x00000000d5580000,0x00000000d5580000,0x00000000d6180000)
  from space 1024K, 85% used [0x00000000d6300000,0x00000000d63d9d10,0x00000000d6400000)
  to   space 1024K, 0% used [0x00000000d6200000,0x00000000d6200000,0x00000000d6300000)
 ParOldGen       total 101376K, used 101229K [0x0000000080000000, 0x0000000086300000, 0x00000000d5580000)
  object space 101376K, 99% used [0x0000000080000000,0x00000000862db538,0x0000000086300000)
 Metaspace       used 61626K, committed 63168K, reserved 1114112K
  class space    used 6493K, committed 7104K, reserved 1048576K
}
Event: 31.722 GC heap before
{Heap before GC invocations=152 (full 3):
 PSYoungGen      total 13312K, used 13159K [0x00000000d5580000, 0x00000000d6400000, 0x0000000100000000)
  eden space 12288K, 100% used [0x00000000d5580000,0x00000000d6180000,0x00000000d6180000)
  from space 1024K, 85% used [0x00000000d6300000,0x00000000d63d9d10,0x00000000d6400000)
  to   space 1024K, 0% used [0x00000000d6200000,0x00000000d6200000,0x00000000d6300000)
 ParOldGen       total 101376K, used 101229K [0x0000000080000000, 0x0000000086300000, 0x00000000d5580000)
  object space 101376K, 99% used [0x0000000080000000,0x00000000862db538,0x0000000086300000)
 Metaspace       used 61658K, committed 63168K, reserved 1114112K
  class space    used 6493K, committed 7104K, reserved 1048576K
}
Event: 31.725 GC heap after
{Heap after GC invocations=152 (full 3):
 PSYoungGen      total 13312K, used 768K [0x00000000d5580000, 0x00000000d6380000, 0x0000000100000000)
  eden space 12288K, 0% used [0x00000000d5580000,0x00000000d5580000,0x00000000d6180000)
  from space 1024K, 75% used [0x00000000d6200000,0x00000000d62c0010,0x00000000d6300000)
  to   space 512K, 0% used [0x00000000d6300000,0x00000000d6300000,0x00000000d6380000)
 ParOldGen       total 101888K, used 101804K [0x0000000080000000, 0x0000000086380000, 0x00000000d5580000)
  object space 101888K, 99% used [0x0000000080000000,0x000000008636b238,0x0000000086380000)
 Metaspace       used 61658K, committed 63168K, reserved 1114112K
  class space    used 6493K, committed 7104K, reserved 1048576K
}
Event: 31.784 GC heap before
{Heap before GC invocations=153 (full 3):
 PSYoungGen      total 13312K, used 13056K [0x00000000d5580000, 0x00000000d6380000, 0x0000000100000000)
  eden space 12288K, 100% used [0x00000000d5580000,0x00000000d6180000,0x00000000d6180000)
  from space 1024K, 75% used [0x00000000d6200000,0x00000000d62c0010,0x00000000d6300000)
  to   space 512K, 0% used [0x00000000d6300000,0x00000000d6300000,0x00000000d6380000)
 ParOldGen       total 101888K, used 101804K [0x0000000080000000, 0x0000000086380000, 0x00000000d5580000)
  object space 101888K, 99% used [0x0000000080000000,0x000000008636b238,0x0000000086380000)
 Metaspace       used 61744K, committed 63296K, reserved 1114112K
  class space    used 6501K, committed 7168K, reserved 1048576K
}
Event: 31.786 GC heap after
{Heap after GC invocations=153 (full 3):
 PSYoungGen      total 12800K, used 448K [0x00000000d5580000, 0x00000000d6380000, 0x0000000100000000)
  eden space 12288K, 0% used [0x00000000d5580000,0x00000000d5580000,0x00000000d6180000)
  from space 512K, 87% used [0x00000000d6300000,0x00000000d6370000,0x00000000d6380000)
  to   space 1024K, 0% used [0x00000000d6180000,0x00000000d6180000,0x00000000d6280000)
 ParOldGen       total 102912K, used 102428K [0x0000000080000000, 0x0000000086480000, 0x00000000d5580000)
  object space 102912K, 99% used [0x0000000080000000,0x0000000086407248,0x0000000086480000)
 Metaspace       used 61744K, committed 63296K, reserved 1114112K
  class space    used 6501K, committed 7168K, reserved 1048576K
}
Event: 31.866 GC heap before
{Heap before GC invocations=154 (full 3):
 PSYoungGen      total 12800K, used 12736K [0x00000000d5580000, 0x00000000d6380000, 0x0000000100000000)
  eden space 12288K, 100% used [0x00000000d5580000,0x00000000d6180000,0x00000000d6180000)
  from space 512K, 87% used [0x00000000d6300000,0x00000000d6370000,0x00000000d6380000)
  to   space 1024K, 0% used [0x00000000d6180000,0x00000000d6180000,0x00000000d6280000)
 ParOldGen       total 102912K, used 102428K [0x0000000080000000, 0x0000000086480000, 0x00000000d5580000)
  object space 102912K, 99% used [0x0000000080000000,0x0000000086407248,0x0000000086480000)
 Metaspace       used 61926K, committed 63424K, reserved 1114112K
  class space    used 6515K, committed 7168K, reserved 1048576K
}
Event: 31.869 GC heap after
{Heap after GC invocations=154 (full 3):
 PSYoungGen      total 13312K, used 511K [0x00000000d5580000, 0x00000000d6380000, 0x0000000100000000)
  eden space 12288K, 0% used [0x00000000d5580000,0x00000000d5580000,0x00000000d6180000)
  from space 1024K, 49% used [0x00000000d6180000,0x00000000d61ffe60,0x00000000d6280000)
  to   space 1024K, 0% used [0x00000000d6280000,0x00000000d6280000,0x00000000d6380000)
 ParOldGen       total 102912K, used 102681K [0x0000000080000000, 0x0000000086480000, 0x00000000d5580000)
  object space 102912K, 99% used [0x0000000080000000,0x00000000864464b8,0x0000000086480000)
 Metaspace       used 61926K, committed 63424K, reserved 1114112K
  class space    used 6515K, committed 7168K, reserved 1048576K
}
Event: 32.050 GC heap before
{Heap before GC invocations=155 (full 3):
 PSYoungGen      total 13312K, used 12799K [0x00000000d5580000, 0x00000000d6380000, 0x0000000100000000)
  eden space 12288K, 100% used [0x00000000d5580000,0x00000000d6180000,0x00000000d6180000)
  from space 1024K, 49% used [0x00000000d6180000,0x00000000d61ffe60,0x00000000d6280000)
  to   space 1024K, 0% used [0x00000000d6280000,0x00000000d6280000,0x00000000d6380000)
 ParOldGen       total 102912K, used 102681K [0x0000000080000000, 0x0000000086480000, 0x00000000d5580000)
  object space 102912K, 99% used [0x0000000080000000,0x00000000864464b8,0x0000000086480000)
 Metaspace       used 62193K, committed 63680K, reserved 1114112K
  class space    used 6555K, committed 7232K, reserved 1048576K
}
Event: 32.055 GC heap after
{Heap after GC invocations=155 (full 3):
 PSYoungGen      total 12800K, used 464K [0x00000000d5580000, 0x00000000d6300000, 0x0000000100000000)
  eden space 12288K, 0% used [0x00000000d5580000,0x00000000d5580000,0x00000000d6180000)
  from space 512K, 90% used [0x00000000d6280000,0x00000000d62f4010,0x00000000d6300000)
  to   space 512K, 0% used [0x00000000d6200000,0x00000000d6200000,0x00000000d6280000)
 ParOldGen       total 102912K, used 102865K [0x0000000080000000, 0x0000000086480000, 0x00000000d5580000)
  object space 102912K, 99% used [0x0000000080000000,0x00000000864744d8,0x0000000086480000)
 Metaspace       used 62193K, committed 63680K, reserved 1114112K
  class space    used 6555K, committed 7232K, reserved 1048576K
}

